D:\physics\NewtonWin-2.30\sdk\projects_vs2008\Win32/dMath/Release_mt\dMath.lib
D:\physics\NewtonWin-2.30\sdk\projects_vs2008\Win32\dMath\Release_mt\cl.command.1.tlog
D:\physics\NewtonWin-2.30\sdk\projects_vs2008\Win32\dMath\Release_mt\CL.read.1.tlog
D:\physics\NewtonWin-2.30\sdk\projects_vs2008\Win32\dMath\Release_mt\CL.write.1.tlog
D:\physics\NewtonWin-2.30\sdk\projects_vs2008\Win32\dMath\Release_mt\dMath.pch
D:\physics\NewtonWin-2.30\sdk\projects_vs2008\Win32\dMath\Release_mt\dMathDefines.obj
D:\physics\NewtonWin-2.30\sdk\projects_vs2008\Win32\dMath\Release_mt\dMatrix.obj
D:\physics\NewtonWin-2.30\sdk\projects_vs2008\Win32\dMath\Release_mt\dQuaternion.obj
D:\physics\NewtonWin-2.30\sdk\projects_vs2008\Win32\dMath\Release_mt\dStdAfxMath.obj
D:\physics\NewtonWin-2.30\sdk\projects_vs2008\Win32\dMath\Release_mt\dVector.obj
D:\physics\NewtonWin-2.30\sdk\projects_vs2008\Win32\dMath\Release_mt\lib.command.1.tlog
D:\physics\NewtonWin-2.30\sdk\projects_vs2008\Win32\dMath\Release_mt\Lib-link.read.1.tlog
D:\physics\NewtonWin-2.30\sdk\projects_vs2008\Win32\dMath\Release_mt\Lib-link.write.1.tlog
D:\physics\NewtonWin-2.30\sdk\projects_vs2008\Win32\dMath\Release_mt\vc100.pdb
E:\VISUALSTUDIO\NEWTONWIN-2.30\SDK\PROJECTS_VS2008\WIN32\DMATH\RELEASE_MT\DMATH.LIB
E:\VISUALSTUDIO\NEWTONWIN-2.30\SDK\PROJECTS_VS2008\WIN32\DMATH\RELEASE_MT\DMATH.PCH
E:\VISUALSTUDIO\NEWTONWIN-2.30\SDK\PROJECTS_VS2008\WIN32\DMATH\RELEASE_MT\DMATHDEFINES.OBJ
E:\VISUALSTUDIO\NEWTONWIN-2.30\SDK\PROJECTS_VS2008\WIN32\DMATH\RELEASE_MT\DMATRIX.OBJ
E:\VISUALSTUDIO\NEWTONWIN-2.30\SDK\PROJECTS_VS2008\WIN32\DMATH\RELEASE_MT\DQUATERNION.OBJ
E:\VISUALSTUDIO\NEWTONWIN-2.30\SDK\PROJECTS_VS2008\WIN32\DMATH\RELEASE_MT\DSTDAFXMATH.OBJ
E:\VISUALSTUDIO\NEWTONWIN-2.30\SDK\PROJECTS_VS2008\WIN32\DMATH\RELEASE_MT\DVECTOR.OBJ
E:\VISUALSTUDIO\NEWTONWIN-2.30\SDK\PROJECTS_VS2008\WIN32\DMATH\RELEASE_MT\VC100.PDB
