E:\VisualStudio\4DClass\NewtonWin-2.30\sdk\projects_vs2008\Win32\dScene\Debug_mt\cl.command.1.tlog
E:\VisualStudio\4DClass\NewtonWin-2.30\sdk\projects_vs2008\Win32\dScene\Debug_mt\CL.read.1.tlog
E:\VisualStudio\4DClass\NewtonWin-2.30\sdk\projects_vs2008\Win32\dScene\Debug_mt\CL.write.1.tlog
E:\VISUALSTUDIO\4DCLASS\NEWTONWIN-2.30\SDK\PROJECTS_VS2008\WIN32\DSCENE\DEBUG_MT\DBONENODEINFO.OBJ
E:\VISUALSTUDIO\4DCLASS\NEWTONWIN-2.30\SDK\PROJECTS_VS2008\WIN32\DSCENE\DEBUG_MT\DCAMERANODEINFO.OBJ
E:\VISUALSTUDIO\4DCLASS\NEWTONWIN-2.30\SDK\PROJECTS_VS2008\WIN32\DSCENE\DEBUG_MT\DCOLLISIONBOXNODEINFO.OBJ
E:\VISUALSTUDIO\4DCLASS\NEWTONWIN-2.30\SDK\PROJECTS_VS2008\WIN32\DSCENE\DEBUG_MT\DCOLLISIONCAPSULENODEINFO.OBJ
E:\VISUALSTUDIO\4DCLASS\NEWTONWIN-2.30\SDK\PROJECTS_VS2008\WIN32\DSCENE\DEBUG_MT\DCOLLISIONCHAMFERCYLINDERNODEINFO.OBJ
E:\VISUALSTUDIO\4DCLASS\NEWTONWIN-2.30\SDK\PROJECTS_VS2008\WIN32\DSCENE\DEBUG_MT\DCOLLISIONCOMPOUNDNODEINFO.OBJ
E:\VISUALSTUDIO\4DCLASS\NEWTONWIN-2.30\SDK\PROJECTS_VS2008\WIN32\DSCENE\DEBUG_MT\DCOLLISIONCONENODEINFO.OBJ
E:\VISUALSTUDIO\4DCLASS\NEWTONWIN-2.30\SDK\PROJECTS_VS2008\WIN32\DSCENE\DEBUG_MT\DCOLLISIONCONVEXHULLNODEINFO.OBJ
E:\VISUALSTUDIO\4DCLASS\NEWTONWIN-2.30\SDK\PROJECTS_VS2008\WIN32\DSCENE\DEBUG_MT\DCOLLISIONCYLINDERNODEINFO.OBJ
E:\VISUALSTUDIO\4DCLASS\NEWTONWIN-2.30\SDK\PROJECTS_VS2008\WIN32\DSCENE\DEBUG_MT\DCOLLISIONNODEINFO.OBJ
E:\VISUALSTUDIO\4DCLASS\NEWTONWIN-2.30\SDK\PROJECTS_VS2008\WIN32\DSCENE\DEBUG_MT\DCOLLISIONSPHERENODEINFO.OBJ
E:\VISUALSTUDIO\4DCLASS\NEWTONWIN-2.30\SDK\PROJECTS_VS2008\WIN32\DSCENE\DEBUG_MT\DDRAWUTILS.OBJ
E:\VISUALSTUDIO\4DCLASS\NEWTONWIN-2.30\SDK\PROJECTS_VS2008\WIN32\DSCENE\DEBUG_MT\DEXPORTPLUGIN.OBJ
E:\VISUALSTUDIO\4DCLASS\NEWTONWIN-2.30\SDK\PROJECTS_VS2008\WIN32\DSCENE\DEBUG_MT\DGEOMETRYNODEINFO.OBJ
E:\VISUALSTUDIO\4DCLASS\NEWTONWIN-2.30\SDK\PROJECTS_VS2008\WIN32\DSCENE\DEBUG_MT\DGEOMETRYNODEMODIFIERINFO.OBJ
E:\VISUALSTUDIO\4DCLASS\NEWTONWIN-2.30\SDK\PROJECTS_VS2008\WIN32\DSCENE\DEBUG_MT\DGEOMETRYNODESKINMODIFIERINFO.OBJ
E:\VISUALSTUDIO\4DCLASS\NEWTONWIN-2.30\SDK\PROJECTS_VS2008\WIN32\DSCENE\DEBUG_MT\DIMPORTPLUGIN.OBJ
E:\VISUALSTUDIO\4DCLASS\NEWTONWIN-2.30\SDK\PROJECTS_VS2008\WIN32\DSCENE\DEBUG_MT\DLLMAIN.OBJ
E:\VISUALSTUDIO\4DCLASS\NEWTONWIN-2.30\SDK\PROJECTS_VS2008\WIN32\DSCENE\DEBUG_MT\DMATERIALNODEINFO.OBJ
E:\VISUALSTUDIO\4DCLASS\NEWTONWIN-2.30\SDK\PROJECTS_VS2008\WIN32\DSCENE\DEBUG_MT\DMESHNODEINFO.OBJ
E:\VISUALSTUDIO\4DCLASS\NEWTONWIN-2.30\SDK\PROJECTS_VS2008\WIN32\DSCENE\DEBUG_MT\DNODEINFO.OBJ
E:\VISUALSTUDIO\4DCLASS\NEWTONWIN-2.30\SDK\PROJECTS_VS2008\WIN32\DSCENE\DEBUG_MT\DPLUGINRECORD.OBJ
E:\VISUALSTUDIO\4DCLASS\NEWTONWIN-2.30\SDK\PROJECTS_VS2008\WIN32\DSCENE\DEBUG_MT\DPLUGINSTDAFX.OBJ
E:\VISUALSTUDIO\4DCLASS\NEWTONWIN-2.30\SDK\PROJECTS_VS2008\WIN32\DSCENE\DEBUG_MT\DRIGIDBODYNODEINFO.OBJ
E:\VISUALSTUDIO\4DCLASS\NEWTONWIN-2.30\SDK\PROJECTS_VS2008\WIN32\DSCENE\DEBUG_MT\DROOTNODEINFO.OBJ
E:\VISUALSTUDIO\4DCLASS\NEWTONWIN-2.30\SDK\PROJECTS_VS2008\WIN32\DSCENE\DEBUG_MT\DSCENE.OBJ
E:\VISUALSTUDIO\4DCLASS\NEWTONWIN-2.30\SDK\PROJECTS_VS2008\WIN32\DSCENE\DEBUG_MT\DSCENE.PCH
E:\VISUALSTUDIO\4DCLASS\NEWTONWIN-2.30\SDK\PROJECTS_VS2008\WIN32\DSCENE\DEBUG_MT\DSCENE_D.LIB
E:\VISUALSTUDIO\4DCLASS\NEWTONWIN-2.30\SDK\PROJECTS_VS2008\WIN32\DSCENE\DEBUG_MT\DSCENEGRAPH.OBJ
E:\VISUALSTUDIO\4DCLASS\NEWTONWIN-2.30\SDK\PROJECTS_VS2008\WIN32\DSCENE\DEBUG_MT\DSCENENODEINFO.OBJ
E:\VISUALSTUDIO\4DCLASS\NEWTONWIN-2.30\SDK\PROJECTS_VS2008\WIN32\DSCENE\DEBUG_MT\DTEXTURENODEINFO.OBJ
E:\VISUALSTUDIO\4DCLASS\NEWTONWIN-2.30\SDK\PROJECTS_VS2008\WIN32\DSCENE\DEBUG_MT\DVARIABLE.OBJ
E:\VisualStudio\4DClass\NewtonWin-2.30\sdk\projects_vs2008\Win32\dScene\Debug_mt\lib.command.1.tlog
E:\VisualStudio\4DClass\NewtonWin-2.30\sdk\projects_vs2008\Win32\dScene\Debug_mt\Lib-link.read.1.tlog
E:\VisualStudio\4DClass\NewtonWin-2.30\sdk\projects_vs2008\Win32\dScene\Debug_mt\Lib-link.write.1.tlog
E:\VisualStudio\4DClass\NewtonWin-2.30\sdk\projects_vs2008\Win32\dScene\Debug_mt\vc100.idb
E:\VISUALSTUDIO\4DCLASS\NEWTONWIN-2.30\SDK\PROJECTS_VS2008\WIN32\DSCENE\DEBUG_MT\VC100.PDB
