生成启动时间为 2016/1/19 15:48:36。
     1>项目“E:\VisualStudio\4DClass_25\D3DXDevice\D3DXDevice.vcxproj”在节点 3 上(Build 个目标)。
     1>ClCompile:
         C:\Program Files (x86)\Microsoft Visual Studio 11.0\VC\bin\CL.exe /c /ZI /nologo /W3 /WX- /Od /Oy- /D _UNICODE /D UNICODE /Gm /EHsc /RTC1 /MDd /GS /fp:precise /Zc:wchar_t /Zc:forScope /Fo"Debug\\" /Fd"Debug\vc110.pdb" /Gd /TP /analyze- /errorReport:prompt ControlBallObject.cpp ControlItemObject.cpp DepthFilter.cpp DynamicPrimitiveObject.cpp GroundMeshObject.cpp KinematicItemObject.cpp OpenCVImageAttribute.cpp D3DXInputTexture.cpp KinectDepthAttribute.cpp HAARAttribute.cpp HAARFilter.cpp KinectImageAttribute.cpp ImageDevice.cpp ImageFilter.cpp KinectInstanceAttribute.cpp KinectDevice.cpp KinectProcessAttribute.cpp PSEyeDevice.cpp
         PSEyeDevice.cpp
     1>e:\visualstudio\4dclass_25\dxut\core\dxut.h(29): fatal error C1083: 无法打开包括文件:“dxsdkver.h”: No such file or directory
         KinectProcessAttribute.cpp
     1>e:\visualstudio\4dclass_25\dxut\core\dxut.h(29): fatal error C1083: 无法打开包括文件:“dxsdkver.h”: No such file or directory
         KinectDevice.cpp
     1>e:\visualstudio\4dclass_25\dxut\core\dxut.h(29): fatal error C1083: 无法打开包括文件:“dxsdkver.h”: No such file or directory
         KinectInstanceAttribute.cpp
     1>e:\visualstudio\4dclass_25\dxut\core\dxut.h(29): fatal error C1083: 无法打开包括文件:“dxsdkver.h”: No such file or directory
         ImageFilter.cpp
     1>e:\visualstudio\4dclass_25\dxut\core\dxut.h(29): fatal error C1083: 无法打开包括文件:“dxsdkver.h”: No such file or directory
         ImageDevice.cpp
     1>e:\visualstudio\4dclass_25\dxut\core\dxut.h(29): fatal error C1083: 无法打开包括文件:“dxsdkver.h”: No such file or directory
         KinectImageAttribute.cpp
     1>e:\visualstudio\4dclass_25\dxut\core\dxut.h(29): fatal error C1083: 无法打开包括文件:“dxsdkver.h”: No such file or directory
         HAARFilter.cpp
     1>e:\visualstudio\4dclass_25\dxut\core\dxut.h(29): fatal error C1083: 无法打开包括文件:“dxsdkver.h”: No such file or directory
         HAARAttribute.cpp
     1>e:\visualstudio\4dclass_25\dxut\core\dxut.h(29): fatal error C1083: 无法打开包括文件:“dxsdkver.h”: No such file or directory
         KinectDepthAttribute.cpp
     1>e:\visualstudio\4dclass_25\dxut\core\dxut.h(29): fatal error C1083: 无法打开包括文件:“dxsdkver.h”: No such file or directory
         D3DXInputTexture.cpp
     1>e:\visualstudio\4dclass_25\dxut\core\dxut.h(29): fatal error C1083: 无法打开包括文件:“dxsdkver.h”: No such file or directory
         OpenCVImageAttribute.cpp
     1>e:\visualstudio\4dclass_25\d3dxdevice\opencvimageattribute.cpp(18): fatal error C1083: 无法打开包括文件:“cv.h”: No such file or directory
         KinematicItemObject.cpp
     1>e:\visualstudio\4dclass_25\dxut\core\dxut.h(29): fatal error C1083: 无法打开包括文件:“dxsdkver.h”: No such file or directory
         GroundMeshObject.cpp
     1>e:\visualstudio\4dclass_25\dxut\core\dxut.h(29): fatal error C1083: 无法打开包括文件:“dxsdkver.h”: No such file or directory
         DynamicPrimitiveObject.cpp
     1>e:\visualstudio\4dclass_25\dxut\core\dxut.h(29): fatal error C1083: 无法打开包括文件:“dxsdkver.h”: No such file or directory
         DepthFilter.cpp
     1>e:\visualstudio\4dclass_25\dxut\core\dxut.h(29): fatal error C1083: 无法打开包括文件:“dxsdkver.h”: No such file or directory
         ControlItemObject.cpp
     1>e:\visualstudio\4dclass_25\dxut\core\dxut.h(29): fatal error C1083: 无法打开包括文件:“dxsdkver.h”: No such file or directory
         ControlBallObject.cpp
     1>e:\visualstudio\4dclass_25\dxut\core\dxut.h(29): fatal error C1083: 无法打开包括文件:“dxsdkver.h”: No such file or directory
         正在生成代码...
     1>已完成生成项目“E:\VisualStudio\4DClass_25\D3DXDevice\D3DXDevice.vcxproj”(Build 个目标)的操作 - 失败。

生成失败。

已用时间 00:00:00.84
