E:\VisualStudio\4DClass\NewtonWin-2.30\sdk\projects_vs2008\x64\dJointLibrary\Debug_mt\cl.command.1.tlog
E:\VisualStudio\4DClass\NewtonWin-2.30\sdk\projects_vs2008\x64\dJointLibrary\Debug_mt\CL.read.1.tlog
E:\VisualStudio\4DClass\NewtonWin-2.30\sdk\projects_vs2008\x64\dJointLibrary\Debug_mt\CL.write.1.tlog
E:\VISUALSTUDIO\4DCLASS\NEWTONWIN-2.30\SDK\PROJECTS_VS2008\X64\DJOINTLIBRARY\DEBUG_MT\CUSTOM6DOF.OBJ
E:\VISUALSTUDIO\4DCLASS\NEWTONWIN-2.30\SDK\PROJECTS_VS2008\X64\DJOINTLIBRARY\DEBUG_MT\CUSTOMBALLANDSOCKET.OBJ
E:\VISUALSTUDIO\4DCLASS\NEWTONWIN-2.30\SDK\PROJECTS_VS2008\X64\DJOINTLIBRARY\DEBUG_MT\CUSTOMCORKSCREW.OBJ
E:\VISUALSTUDIO\4DCLASS\NEWTONWIN-2.30\SDK\PROJECTS_VS2008\X64\DJOINTLIBRARY\DEBUG_MT\CUSTOMDGRAYCASTCAR.OBJ
E:\VISUALSTUDIO\4DCLASS\NEWTONWIN-2.30\SDK\PROJECTS_VS2008\X64\DJOINTLIBRARY\DEBUG_MT\CUSTOMDRYROLLINGFRICTION.OBJ
E:\VISUALSTUDIO\4DCLASS\NEWTONWIN-2.30\SDK\PROJECTS_VS2008\X64\DJOINTLIBRARY\DEBUG_MT\CUSTOMGEAR.OBJ
E:\VISUALSTUDIO\4DCLASS\NEWTONWIN-2.30\SDK\PROJECTS_VS2008\X64\DJOINTLIBRARY\DEBUG_MT\CUSTOMHINGE.OBJ
E:\VISUALSTUDIO\4DCLASS\NEWTONWIN-2.30\SDK\PROJECTS_VS2008\X64\DJOINTLIBRARY\DEBUG_MT\CUSTOMJOINTLIBRARYSTDAFX.OBJ
E:\VISUALSTUDIO\4DCLASS\NEWTONWIN-2.30\SDK\PROJECTS_VS2008\X64\DJOINTLIBRARY\DEBUG_MT\CUSTOMKINEMATICCONTROLLER.OBJ
E:\VISUALSTUDIO\4DCLASS\NEWTONWIN-2.30\SDK\PROJECTS_VS2008\X64\DJOINTLIBRARY\DEBUG_MT\CUSTOMMULTIBODYVEHICLE.OBJ
E:\VISUALSTUDIO\4DCLASS\NEWTONWIN-2.30\SDK\PROJECTS_VS2008\X64\DJOINTLIBRARY\DEBUG_MT\CUSTOMPATHFOLLOW.OBJ
E:\VISUALSTUDIO\4DCLASS\NEWTONWIN-2.30\SDK\PROJECTS_VS2008\X64\DJOINTLIBRARY\DEBUG_MT\CUSTOMPLAYERCONTROLLER.OBJ
E:\VISUALSTUDIO\4DCLASS\NEWTONWIN-2.30\SDK\PROJECTS_VS2008\X64\DJOINTLIBRARY\DEBUG_MT\CUSTOMPULLEY.OBJ
E:\VISUALSTUDIO\4DCLASS\NEWTONWIN-2.30\SDK\PROJECTS_VS2008\X64\DJOINTLIBRARY\DEBUG_MT\CUSTOMRAGDOLL.OBJ
E:\VISUALSTUDIO\4DCLASS\NEWTONWIN-2.30\SDK\PROJECTS_VS2008\X64\DJOINTLIBRARY\DEBUG_MT\CUSTOMSLIDER.OBJ
E:\VISUALSTUDIO\4DCLASS\NEWTONWIN-2.30\SDK\PROJECTS_VS2008\X64\DJOINTLIBRARY\DEBUG_MT\CUSTOMSLIDINGCONTACT.OBJ
E:\VISUALSTUDIO\4DCLASS\NEWTONWIN-2.30\SDK\PROJECTS_VS2008\X64\DJOINTLIBRARY\DEBUG_MT\CUSTOMUNIVERSAL.OBJ
E:\VISUALSTUDIO\4DCLASS\NEWTONWIN-2.30\SDK\PROJECTS_VS2008\X64\DJOINTLIBRARY\DEBUG_MT\CUSTOMUPVECTOR.OBJ
E:\VISUALSTUDIO\4DCLASS\NEWTONWIN-2.30\SDK\PROJECTS_VS2008\X64\DJOINTLIBRARY\DEBUG_MT\CUSTOMUSERBLANK.OBJ
E:\VISUALSTUDIO\4DCLASS\NEWTONWIN-2.30\SDK\PROJECTS_VS2008\X64\DJOINTLIBRARY\DEBUG_MT\CUSTOMWORMGEAR.OBJ
E:\VISUALSTUDIO\4DCLASS\NEWTONWIN-2.30\SDK\PROJECTS_VS2008\X64\DJOINTLIBRARY\DEBUG_MT\DJOINTLIBRARY.PCH
E:\VisualStudio\4DClass\NewtonWin-2.30\sdk\projects_vs2008\x64\dJointLibrary\Debug_mt\dJointLibrary.write.1.tlog
E:\VISUALSTUDIO\4DCLASS\NEWTONWIN-2.30\SDK\PROJECTS_VS2008\X64\DJOINTLIBRARY\DEBUG_MT\JOINTLIBRARY.OBJ
E:\VisualStudio\4DClass\NewtonWin-2.30\sdk\projects_vs2008\x64\dJointLibrary\Debug_mt\link.command.1.tlog
E:\VisualStudio\4DClass\NewtonWin-2.30\sdk\projects_vs2008\x64\dJointLibrary\Debug_mt\link.read.1.tlog
E:\VisualStudio\4DClass\NewtonWin-2.30\sdk\projects_vs2008\x64\dJointLibrary\Debug_mt\link.write.1.tlog
E:\VISUALSTUDIO\4DCLASS\NEWTONWIN-2.30\SDK\PROJECTS_VS2008\X64\DJOINTLIBRARY\DEBUG_MT\NEWTONCUSTOMJOINT.OBJ
E:\VisualStudio\4DClass\NewtonWin-2.30\sdk\projects_vs2008\x64\dJointLibrary\Debug_mt\vc100.idb
E:\VISUALSTUDIO\4DCLASS\NEWTONWIN-2.30\SDK\PROJECTS_VS2008\X64\DJOINTLIBRARY\DEBUG_MT\VC100.PDB
