E:\VISUALSTUDIO\4DCLASS\D3DXRENDERABLE\DEBUG\CHARTLETATTRIBUTE.OBJ
E:\VisualStudio\4DClass\D3DXRenderable\Debug\cl.command.1.tlog
E:\VisualStudio\4DClass\D3DXRenderable\Debug\CL.read.1.tlog
E:\VisualStudio\4DClass\D3DXRenderable\Debug\CL.write.1.tlog
E:\VISUALSTUDIO\4DCLASS\D3DXRENDERABLE\DEBUG\COLORATTRIBUTE.OBJ
E:\VISUALSTUDIO\4DCLASS\D3DXRENDERABLE\DEBUG\CONTROLLERATTRIBUTE.OBJ
E:\VISUALSTUDIO\4DCLASS\D3DXRENDERABLE\DEBUG\D3DXAXISOBJECT.OBJ
E:\VISUALSTUDIO\4DCLASS\D3DXRENDERABLE\DEBUG\D3DXCLASSICBALLJOINTOBJECTPROXY.OBJ
E:\VISUALSTUDIO\4DCLASS\D3DXRENDERABLE\DEBUG\D3DXCLASSICCORKSCREWJOINTOBJECTPROXY.OBJ
E:\VISUALSTUDIO\4DCLASS\D3DXRENDERABLE\DEBUG\D3DXCLASSICHINGEJOINTOBJECTPROXY.OBJ
E:\VISUALSTUDIO\4DCLASS\D3DXRENDERABLE\DEBUG\D3DXCLASSICSLIDERJOINTOBJECTPROXY.OBJ
E:\VISUALSTUDIO\4DCLASS\D3DXRENDERABLE\DEBUG\D3DXCLASSICUNIVERSALJOINTOBJECTPROXY.OBJ
E:\VISUALSTUDIO\4DCLASS\D3DXRENDERABLE\DEBUG\D3DXCLASSICUPVECTORJOINTOBJECTPROXY.OBJ
E:\VISUALSTUDIO\4DCLASS\D3DXRENDERABLE\DEBUG\D3DXCOMPOUNDOBJECT.OBJ
E:\VISUALSTUDIO\4DCLASS\D3DXRENDERABLE\DEBUG\D3DXCUSTOM6DOFJOINTOBJECTPROXY.OBJ
E:\VISUALSTUDIO\4DCLASS\D3DXRENDERABLE\DEBUG\D3DXCUSTOMBALLJOINTOBJECTPROXY.OBJ
E:\VISUALSTUDIO\4DCLASS\D3DXRENDERABLE\DEBUG\D3DXCUSTOMHINGEJOINTOBJECTPROXY.OBJ
E:\VISUALSTUDIO\4DCLASS\D3DXRENDERABLE\DEBUG\D3DXCUSTOMSLIDERJOINTOBJECTPROXY.OBJ
E:\VISUALSTUDIO\4DCLASS\D3DXRENDERABLE\DEBUG\D3DXJOINTOBJECT.OBJ
E:\VISUALSTUDIO\4DCLASS\D3DXRENDERABLE\DEBUG\D3DXJOINTOBJECTPROXY.OBJ
E:\VISUALSTUDIO\4DCLASS\D3DXRENDERABLE\DEBUG\D3DXPLUSOBJECT.OBJ
E:\VISUALSTUDIO\4DCLASS\D3DXRENDERABLE\DEBUG\D3DXPRIMITIVEOBJECT.OBJ
E:\VISUALSTUDIO\4DCLASS\D3DXRENDERABLE\DEBUG\D3DXRENDERABLEOBJECT.OBJ
E:\VISUALSTUDIO\4DCLASS\D3DXRENDERABLE\DEBUG\EFFECTATTRIBUTE.OBJ
E:\VISUALSTUDIO\4DCLASS\D3DXRENDERABLE\DEBUG\JOINTOBJECTSKETCHER.OBJ
E:\VisualStudio\4DClass\D3DXRenderable\Debug\lib.command.1.tlog
E:\VisualStudio\4DClass\D3DXRenderable\Debug\Lib-link.read.1.tlog
E:\VisualStudio\4DClass\D3DXRenderable\Debug\Lib-link.write.1.tlog
E:\VISUALSTUDIO\4DCLASS\D3DXRENDERABLE\DEBUG\OBJECTCONTROLLER.OBJ
E:\VISUALSTUDIO\4DCLASS\D3DXRENDERABLE\DEBUG\OBJECTSKETCHER.OBJ
E:\VISUALSTUDIO\4DCLASS\D3DXRENDERABLE\DEBUG\PICKERATTRIBUTE.OBJ
E:\VISUALSTUDIO\4DCLASS\D3DXRENDERABLE\DEBUG\SKETCH0.OBJ
E:\VISUALSTUDIO\4DCLASS\D3DXRENDERABLE\DEBUG\SKETCH1.OBJ
E:\VISUALSTUDIO\4DCLASS\D3DXRENDERABLE\DEBUG\SKETCHERATTRIBUTE.OBJ
E:\VisualStudio\4DClass\D3DXRenderable\Debug\vc100.idb
E:\VISUALSTUDIO\4DCLASS\D3DXRENDERABLE\DEBUG\VC100.PDB
E:\VISUALSTUDIO\4DCLASS\DEBUG\D3DXRENDERABLE.LIB
