E:\VISUALSTUDIO\4DCLASS\DEBUG\DXUTOPT.LIB
E:\VisualStudio\4DClass\DXUT\Optional\Debug\cl.command.1.tlog
E:\VisualStudio\4DClass\DXUT\Optional\Debug\CL.read.1.tlog
E:\VisualStudio\4DClass\DXUT\Optional\Debug\CL.write.1.tlog
E:\VISUALSTUDIO\4DCLASS\DXUT\OPTIONAL\DEBUG\DXUTCAMERA.OBJ
E:\VISUALSTUDIO\4DCLASS\DXUT\OPTIONAL\DEBUG\DXUTGUI.OBJ
E:\VISUALSTUDIO\4DCLASS\DXUT\OPTIONAL\DEBUG\DXUTGUIIME.OBJ
E:\VISUALSTUDIO\4DCLASS\DXUT\OPTIONAL\DEBUG\DXUTOPT.PCH
E:\VISUALSTUDIO\4DCLASS\DXUT\OPTIONAL\DEBUG\DXUTRES.OBJ
E:\VISUALSTUDIO\4DCLASS\DXUT\OPTIONAL\DEBUG\DXUTSETTINGSDLG.OBJ
E:\VISUALSTUDIO\4DCLASS\DXUT\OPTIONAL\DEBUG\DXUTSHAPES.OBJ
E:\VISUALSTUDIO\4DCLASS\DXUT\OPTIONAL\DEBUG\IMEUI.OBJ
E:\VisualStudio\4DClass\DXUT\Optional\Debug\lib.command.1.tlog
E:\VisualStudio\4DClass\DXUT\Optional\Debug\Lib-link.read.1.tlog
E:\VisualStudio\4DClass\DXUT\Optional\Debug\Lib-link.write.1.tlog
E:\VISUALSTUDIO\4DCLASS\DXUT\OPTIONAL\DEBUG\SDKMESH.OBJ
E:\VISUALSTUDIO\4DCLASS\DXUT\OPTIONAL\DEBUG\SDKMISC.OBJ
E:\VISUALSTUDIO\4DCLASS\DXUT\OPTIONAL\DEBUG\SDKSOUND.OBJ
E:\VISUALSTUDIO\4DCLASS\DXUT\OPTIONAL\DEBUG\SDKWAVEFILE.OBJ
E:\VisualStudio\4DClass\DXUT\Optional\Debug\vc100.idb
E:\VISUALSTUDIO\4DCLASS\DXUT\OPTIONAL\DEBUG\VC100.PDB
