E:\VISUALSTUDIO\4DCLASS\D3DXPHYSICS\DEBUG\BACKGROUNDSCENE.OBJ
E:\VisualStudio\4DClass\D3DXPhysics\Debug\cl.command.1.tlog
E:\VisualStudio\4DClass\D3DXPhysics\Debug\CL.read.1.tlog
E:\VisualStudio\4DClass\D3DXPhysics\Debug\CL.write.1.tlog
E:\VISUALSTUDIO\4DCLASS\D3DXPHYSICS\DEBUG\COLLISIONATTRIBUTE.OBJ
E:\VISUALSTUDIO\4DCLASS\D3DXPHYSICS\DEBUG\COMPOUNDAXISOBJECT.OBJ
E:\VISUALSTUDIO\4DCLASS\D3DXPHYSICS\DEBUG\COMPOUNDBOXOBJECT.OBJ
E:\VISUALSTUDIO\4DCLASS\D3DXPHYSICS\DEBUG\COMPOUNDMODELMANAGER.OBJ
E:\VISUALSTUDIO\4DCLASS\D3DXPHYSICS\DEBUG\COMPOUNDOBJECT.OBJ
E:\VISUALSTUDIO\4DCLASS\D3DXPHYSICS\DEBUG\COMPOUNDPLUSOBJECT.OBJ
E:\VISUALSTUDIO\4DCLASS\D3DXPHYSICS\DEBUG\D3DXSCENE.OBJ
E:\VISUALSTUDIO\4DCLASS\D3DXPHYSICS\DEBUG\FLOORMANAGER.OBJ
E:\VISUALSTUDIO\4DCLASS\D3DXPHYSICS\DEBUG\FOREGROUNDSCENE.OBJ
E:\VISUALSTUDIO\4DCLASS\D3DXPHYSICS\DEBUG\JOINTMODELMANAGER.OBJ
E:\VISUALSTUDIO\4DCLASS\D3DXPHYSICS\DEBUG\JOINTOBJECT.OBJ
E:\VisualStudio\4DClass\D3DXPhysics\Debug\lib.command.1.tlog
E:\VisualStudio\4DClass\D3DXPhysics\Debug\Lib-link.read.1.tlog
E:\VisualStudio\4DClass\D3DXPhysics\Debug\Lib-link.write.1.tlog
E:\VISUALSTUDIO\4DCLASS\D3DXPHYSICS\DEBUG\MODELMANAGER.OBJ
E:\VISUALSTUDIO\4DCLASS\D3DXPHYSICS\DEBUG\NONESCENE.OBJ
E:\VISUALSTUDIO\4DCLASS\D3DXPHYSICS\DEBUG\PICKEDATTRIBUTE.OBJ
E:\VISUALSTUDIO\4DCLASS\D3DXPHYSICS\DEBUG\PRIMITIVEOBJECT.OBJ
E:\VISUALSTUDIO\4DCLASS\D3DXPHYSICS\DEBUG\SIMPLESCENE.OBJ
E:\VisualStudio\4DClass\D3DXPhysics\Debug\vc100.idb
E:\VISUALSTUDIO\4DCLASS\D3DXPHYSICS\DEBUG\VC100.PDB
E:\VISUALSTUDIO\4DCLASS\D3DXPHYSICS\DEBUG\WORLDGROUP.OBJ
E:\VISUALSTUDIO\4DCLASS\DEBUG\D3DXPHYSICS.LIB
