生成启动时间为 2016/1/19 15:48:55。
     1>项目“E:\VisualStudio\4DClass_25\D3DXPhysics\D3DXPhysics.vcxproj”在节点 5 上(Build 个目标)。
     1>ClCompile:
         C:\Program Files (x86)\Microsoft Visual Studio 11.0\VC\bin\CL.exe /c /ZI /nologo /W3 /WX- /Od /Oy- /D _UNICODE /D UNICODE /Gm /EHsc /RTC1 /MDd /GS /fp:precise /Zc:wchar_t /Zc:forScope /Fo"Debug\\" /Fd"Debug\vc110.pdb" /Gd /TP /analyze- /errorReport:prompt BackgroundScene.cpp CollisionAttribute.cpp CompoundModelManager.cpp CompoundObject.cpp D3DXScene.cpp ArrayManager.cpp ForegroundScene.cpp JointModelManager.cpp JointObject.cpp ModelManager.cpp NoneScene.cpp PickedAttribute.cpp PrimitiveObject.cpp CompoundAxisObject.cpp CompoundBoxObject.cpp CompoundPlusObject.cpp WorldGroup.cpp SimpleScene.cpp
         SimpleScene.cpp
     1>e:\visualstudio\4dclass_25\dxut\core\dxut.h(29): fatal error C1083: 无法打开包括文件:“dxsdkver.h”: No such file or directory
         WorldGroup.cpp
     1>e:\visualstudio\4dclass_25\dxut\core\dxut.h(29): fatal error C1083: 无法打开包括文件:“dxsdkver.h”: No such file or directory
         CompoundPlusObject.cpp
     1>e:\visualstudio\4dclass_25\dxut\core\dxut.h(29): fatal error C1083: 无法打开包括文件:“dxsdkver.h”: No such file or directory
         CompoundBoxObject.cpp
     1>e:\visualstudio\4dclass_25\dxut\core\dxut.h(29): fatal error C1083: 无法打开包括文件:“dxsdkver.h”: No such file or directory
         CompoundAxisObject.cpp
     1>e:\visualstudio\4dclass_25\dxut\core\dxut.h(29): fatal error C1083: 无法打开包括文件:“dxsdkver.h”: No such file or directory
         PrimitiveObject.cpp
     1>e:\visualstudio\4dclass_25\dxut\core\dxut.h(29): fatal error C1083: 无法打开包括文件:“dxsdkver.h”: No such file or directory
         PickedAttribute.cpp
     1>e:\visualstudio\4dclass_25\dxut\core\dxut.h(29): fatal error C1083: 无法打开包括文件:“dxsdkver.h”: No such file or directory
         NoneScene.cpp
     1>e:\visualstudio\4dclass_25\dxut\core\dxut.h(29): fatal error C1083: 无法打开包括文件:“dxsdkver.h”: No such file or directory
         ModelManager.cpp
     1>e:\visualstudio\4dclass_25\dxut\core\dxut.h(29): fatal error C1083: 无法打开包括文件:“dxsdkver.h”: No such file or directory
         JointObject.cpp
     1>e:\visualstudio\4dclass_25\dxut\core\dxut.h(29): fatal error C1083: 无法打开包括文件:“dxsdkver.h”: No such file or directory
         JointModelManager.cpp
     1>e:\visualstudio\4dclass_25\dxut\core\dxut.h(29): fatal error C1083: 无法打开包括文件:“dxsdkver.h”: No such file or directory
         ForegroundScene.cpp
     1>e:\visualstudio\4dclass_25\dxut\core\dxut.h(29): fatal error C1083: 无法打开包括文件:“dxsdkver.h”: No such file or directory
         ArrayManager.cpp
     1>e:\visualstudio\4dclass_25\dxut\core\dxut.h(29): fatal error C1083: 无法打开包括文件:“dxsdkver.h”: No such file or directory
         D3DXScene.cpp
     1>e:\visualstudio\4dclass_25\dxut\core\dxut.h(29): fatal error C1083: 无法打开包括文件:“dxsdkver.h”: No such file or directory
         CompoundObject.cpp
     1>e:\visualstudio\4dclass_25\dxut\core\dxut.h(29): fatal error C1083: 无法打开包括文件:“dxsdkver.h”: No such file or directory
         CompoundModelManager.cpp
     1>e:\visualstudio\4dclass_25\dxut\core\dxut.h(29): fatal error C1083: 无法打开包括文件:“dxsdkver.h”: No such file or directory
         CollisionAttribute.cpp
     1>e:\visualstudio\4dclass_25\dxut\core\dxut.h(29): fatal error C1083: 无法打开包括文件:“dxsdkver.h”: No such file or directory
         BackgroundScene.cpp
     1>e:\visualstudio\4dclass_25\dxut\core\dxut.h(29): fatal error C1083: 无法打开包括文件:“dxsdkver.h”: No such file or directory
         正在生成代码...
     1>已完成生成项目“E:\VisualStudio\4DClass_25\D3DXPhysics\D3DXPhysics.vcxproj”(Build 个目标)的操作 - 失败。

生成失败。

已用时间 00:00:01.00
