Build started 2012/1/17 11:32:26.
     1>Project "E:\VisualStudio\4DClass\MFCCase\MFCCase.vcxproj" on node 3 (build target(s)).
     1>InitializeBuildStatus:
         Creating "Debug\MFCCase.unsuccessfulbuild" because "AlwaysCreate" was specified.
       ClCompile:
         All outputs are up-to-date.
         c:\Program Files\Microsoft Visual Studio 10.0\VC\bin\CL.exe /c /ZI /nologo /W3 /WX- /Od /Oy- /D WIN32 /D _WINDOWS /D _DEBUG /D _UNICODE /D UNICODE /D _AFXDLL /Gm /EHsc /RTC1 /MDd /GS /fp:precise /Zc:wchar_t /Zc:forScope /Yu"StdAfx.h" /Fp"Debug\MFCCase.pch" /Fo"Debug\\" /Fd"Debug\vc100.pdb" /Gd /TP /analyze- /errorReport:prompt MFCCase.cpp MFCCaseDoc.cpp MFCCaseView.cpp RandomScene.cpp
         RandomScene.cpp
         Generating Code...
         Compiling...
         MFCCaseView.cpp
         MFCCaseDoc.cpp
         MFCCase.cpp
         Generating Code...
       ResourceCompile:
         All outputs are up-to-date.
       ManifestResourceCompile:
         All outputs are up-to-date.
       Link:
         c:\Program Files\Microsoft Visual Studio 10.0\VC\bin\link.exe /ERRORREPORT:PROMPT /OUT:"E:\VisualStudio\4DClass\Debug\MFCCase.exe" /INCREMENTAL /NOLOGO comctl32.lib dxerr.lib dxguid.lib d3d9.lib d3dx9.lib d3d10.lib d3dx10.lib winmm.lib Dsound.lib Version.lib DXUT.lib DXUTOpt.lib newton.lib dMath_d.lib dJointLibrary_d.lib 4DMisc.lib 4DMath.lib 4DBasic.lib 4DString.lib 4DPhysics.lib 4DNewton.lib 4DCollision.lib 4DContainer.lib 4DGeometry.lib D3DXRenderable.lib D3DXApplication.lib D3DXPhysics.lib D3DXResource.lib 4DWorld.lib 4DRenderable.lib 4DJoint.lib MFCApplication.lib /MANIFEST /ManifestFile:"Debug\MFCCase.exe.intermediate.manifest" /MANIFESTUAC:"level='asInvoker' uiAccess='false'" /DEBUG /PDB:"E:\VisualStudio\4DClass\Debug\MFCCase.pdb" /SUBSYSTEM:WINDOWS /TLBID:1 /ENTRY:"wWinMainCRTStartup" /DYNAMICBASE /NXCOMPAT /IMPLIB:"E:\VisualStudio\4DClass\Debug\MFCCase.lib" /MACHINE:X86 Debug\MFCCase.res
         Debug\MFCCase.exe.embed.manifest.res
         Debug\CalendarBar.obj
         Debug\MainFrm.obj
         Debug\MFCCase.obj
         Debug\MFCCaseDoc.obj
         Debug\MFCCaseView.obj
         Debug\RandomScene.obj
         Debug\stdafx.obj
     1>msvcrtd.lib(cinitexe.obj) : warning LNK4098: defaultlib 'libcmtd.lib' conflicts with use of other libs; use /NODEFAULTLIB:library
       Manifest:
         C:\Program Files\Microsoft SDKs\Windows\v7.0A\bin\mt.exe /nologo /verbose /out:"Debug\MFCCase.exe.embed.manifest" /manifest Debug\MFCCase.exe.intermediate.manifest "c:\Program Files\Microsoft Visual Studio 10.0\VC\Include\Manifest\dpiaware.manifest"
         All outputs are up-to-date.
       LinkEmbedManifest:
         All outputs are up-to-date.
         MFCCase.vcxproj -> E:\VisualStudio\4DClass\Debug\MFCCase.exe
       FinalizeBuildStatus:
         Deleting file "Debug\MFCCase.unsuccessfulbuild".
         Touching "Debug\MFCCase.lastbuildstate".
     1>Done Building Project "E:\VisualStudio\4DClass\MFCCase\MFCCase.vcxproj" (build target(s)).

Build succeeded.

Time Elapsed 00:00:55.02
