E:\VISUALSTUDIO\4DCLASS\DEBUG\MFCCASE.EXE
E:\VISUALSTUDIO\4DCLASS\DEBUG\MFCCASE.ILK
E:\VISUALSTUDIO\4DCLASS\DEBUG\MFCCASE.PDB
E:\VISUALSTUDIO\4DCLASS\MFCCASE\DEBUG\CALENDARBAR.OBJ
E:\VisualStudio\4DClass\MFCCase\Debug\cl.command.1.tlog
E:\VisualStudio\4DClass\MFCCase\Debug\CL.read.1.tlog
E:\VisualStudio\4DClass\MFCCase\Debug\CL.write.1.tlog
E:\VisualStudio\4DClass\MFCCase\Debug\link.1800.read.1.tlog
E:\VisualStudio\4DClass\MFCCase\Debug\link.1800.write.1.tlog
E:\VisualStudio\4DClass\MFCCase\Debug\link.1800-cvtres.read.1.tlog
E:\VisualStudio\4DClass\MFCCase\Debug\link.1800-cvtres.write.1.tlog
E:\VisualStudio\4DClass\MFCCase\Debug\link.1888.read.1.tlog
E:\VisualStudio\4DClass\MFCCase\Debug\link.1888.write.1.tlog
E:\VisualStudio\4DClass\MFCCase\Debug\link.1888-cvtres.read.1.tlog
E:\VisualStudio\4DClass\MFCCase\Debug\link.1888-cvtres.write.1.tlog
E:\VisualStudio\4DClass\MFCCase\Debug\link.2216.read.1.tlog
E:\VisualStudio\4DClass\MFCCase\Debug\link.2216.write.1.tlog
E:\VisualStudio\4DClass\MFCCase\Debug\link.2216-cvtres.read.1.tlog
E:\VisualStudio\4DClass\MFCCase\Debug\link.2216-cvtres.write.1.tlog
E:\VisualStudio\4DClass\MFCCase\Debug\link.2388.read.1.tlog
E:\VisualStudio\4DClass\MFCCase\Debug\link.2388.write.1.tlog
E:\VisualStudio\4DClass\MFCCase\Debug\link.2388-cvtres.read.1.tlog
E:\VisualStudio\4DClass\MFCCase\Debug\link.2388-cvtres.write.1.tlog
E:\VisualStudio\4DClass\MFCCase\Debug\link.2572.read.1.tlog
E:\VisualStudio\4DClass\MFCCase\Debug\link.2572.write.1.tlog
E:\VisualStudio\4DClass\MFCCase\Debug\link.2572-cvtres.read.1.tlog
E:\VisualStudio\4DClass\MFCCase\Debug\link.2572-cvtres.write.1.tlog
E:\VisualStudio\4DClass\MFCCase\Debug\link.2776.read.1.tlog
E:\VisualStudio\4DClass\MFCCase\Debug\link.2776.write.1.tlog
E:\VisualStudio\4DClass\MFCCase\Debug\link.2776-cvtres.read.1.tlog
E:\VisualStudio\4DClass\MFCCase\Debug\link.2776-cvtres.write.1.tlog
E:\VisualStudio\4DClass\MFCCase\Debug\link.2876.read.1.tlog
E:\VisualStudio\4DClass\MFCCase\Debug\link.2876.write.1.tlog
E:\VisualStudio\4DClass\MFCCase\Debug\link.2876-cvtres.read.1.tlog
E:\VisualStudio\4DClass\MFCCase\Debug\link.2876-cvtres.write.1.tlog
E:\VisualStudio\4DClass\MFCCase\Debug\link.288.read.1.tlog
E:\VisualStudio\4DClass\MFCCase\Debug\link.288.write.1.tlog
E:\VisualStudio\4DClass\MFCCase\Debug\link.288-cvtres.read.1.tlog
E:\VisualStudio\4DClass\MFCCase\Debug\link.288-cvtres.write.1.tlog
E:\VisualStudio\4DClass\MFCCase\Debug\link.3136.read.1.tlog
E:\VisualStudio\4DClass\MFCCase\Debug\link.3136.write.1.tlog
E:\VisualStudio\4DClass\MFCCase\Debug\link.3136-cvtres.read.1.tlog
E:\VisualStudio\4DClass\MFCCase\Debug\link.3136-cvtres.write.1.tlog
E:\VisualStudio\4DClass\MFCCase\Debug\link.3764.read.1.tlog
E:\VisualStudio\4DClass\MFCCase\Debug\link.3764.write.1.tlog
E:\VisualStudio\4DClass\MFCCase\Debug\link.3764-cvtres.read.1.tlog
E:\VisualStudio\4DClass\MFCCase\Debug\link.3764-cvtres.write.1.tlog
E:\VisualStudio\4DClass\MFCCase\Debug\link.4004.read.1.tlog
E:\VisualStudio\4DClass\MFCCase\Debug\link.4004.write.1.tlog
E:\VisualStudio\4DClass\MFCCase\Debug\link.4004-cvtres.read.1.tlog
E:\VisualStudio\4DClass\MFCCase\Debug\link.4004-cvtres.write.1.tlog
E:\VisualStudio\4DClass\MFCCase\Debug\link.4376.read.1.tlog
E:\VisualStudio\4DClass\MFCCase\Debug\link.4376.write.1.tlog
E:\VisualStudio\4DClass\MFCCase\Debug\link.4376-cvtres.read.1.tlog
E:\VisualStudio\4DClass\MFCCase\Debug\link.4376-cvtres.write.1.tlog
E:\VisualStudio\4DClass\MFCCase\Debug\link.4628.read.1.tlog
E:\VisualStudio\4DClass\MFCCase\Debug\link.4628.write.1.tlog
E:\VisualStudio\4DClass\MFCCase\Debug\link.4628-cvtres.read.1.tlog
E:\VisualStudio\4DClass\MFCCase\Debug\link.4628-cvtres.write.1.tlog
E:\VisualStudio\4DClass\MFCCase\Debug\link.5124.read.1.tlog
E:\VisualStudio\4DClass\MFCCase\Debug\link.5124.write.1.tlog
E:\VisualStudio\4DClass\MFCCase\Debug\link.5124-cvtres.read.1.tlog
E:\VisualStudio\4DClass\MFCCase\Debug\link.5124-cvtres.write.1.tlog
E:\VisualStudio\4DClass\MFCCase\Debug\link.5968.read.1.tlog
E:\VisualStudio\4DClass\MFCCase\Debug\link.5968.write.1.tlog
E:\VisualStudio\4DClass\MFCCase\Debug\link.5968-cvtres.read.1.tlog
E:\VisualStudio\4DClass\MFCCase\Debug\link.5968-cvtres.write.1.tlog
E:\VisualStudio\4DClass\MFCCase\Debug\link.6140.read.1.tlog
E:\VisualStudio\4DClass\MFCCase\Debug\link.6140.write.1.tlog
E:\VisualStudio\4DClass\MFCCase\Debug\link.6140-cvtres.read.1.tlog
E:\VisualStudio\4DClass\MFCCase\Debug\link.6140-cvtres.write.1.tlog
E:\VisualStudio\4DClass\MFCCase\Debug\link.6324.read.1.tlog
E:\VisualStudio\4DClass\MFCCase\Debug\link.6324.write.1.tlog
E:\VisualStudio\4DClass\MFCCase\Debug\link.6324-cvtres.read.1.tlog
E:\VisualStudio\4DClass\MFCCase\Debug\link.6324-cvtres.write.1.tlog
E:\VisualStudio\4DClass\MFCCase\Debug\link.6380.read.1.tlog
E:\VisualStudio\4DClass\MFCCase\Debug\link.6380.write.1.tlog
E:\VisualStudio\4DClass\MFCCase\Debug\link.6380-cvtres.read.1.tlog
E:\VisualStudio\4DClass\MFCCase\Debug\link.6380-cvtres.write.1.tlog
E:\VisualStudio\4DClass\MFCCase\Debug\link.command.1.tlog
E:\VisualStudio\4DClass\MFCCase\Debug\link.read.1.tlog
E:\VisualStudio\4DClass\MFCCase\Debug\link.write.1.tlog
E:\VisualStudio\4DClass\MFCCase\Debug\link-cvtres.read.1.tlog
E:\VisualStudio\4DClass\MFCCase\Debug\link-cvtres.write.1.tlog
E:\VISUALSTUDIO\4DCLASS\MFCCASE\DEBUG\MAINFRM.OBJ
E:\VISUALSTUDIO\4DCLASS\MFCCASE\DEBUG\MFCCASE.EXE.EMBED.MANIFEST
E:\VISUALSTUDIO\4DCLASS\MFCCASE\DEBUG\MFCCASE.EXE.EMBED.MANIFEST.RES
E:\VISUALSTUDIO\4DCLASS\MFCCASE\DEBUG\MFCCASE.EXE.INTERMEDIATE.MANIFEST
E:\VISUALSTUDIO\4DCLASS\MFCCASE\DEBUG\MFCCASE.OBJ
E:\VISUALSTUDIO\4DCLASS\MFCCASE\DEBUG\MFCCASE.PCH
E:\VISUALSTUDIO\4DCLASS\MFCCASE\DEBUG\MFCCASE.RES
E:\VisualStudio\4DClass\MFCCase\Debug\MFCCase_manifest.rc
E:\VISUALSTUDIO\4DCLASS\MFCCASE\DEBUG\MFCCASEDOC.OBJ
E:\VISUALSTUDIO\4DCLASS\MFCCASE\DEBUG\MFCCASEVIEW.OBJ
E:\VisualStudio\4DClass\MFCCase\Debug\mt.command.1.tlog
E:\VisualStudio\4DClass\MFCCase\Debug\mt.read.1.tlog
E:\VisualStudio\4DClass\MFCCase\Debug\mt.write.1.tlog
E:\VISUALSTUDIO\4DCLASS\MFCCASE\DEBUG\RANDOMSCENE.OBJ
E:\VisualStudio\4DClass\MFCCase\Debug\rc.command.1.tlog
E:\VisualStudio\4DClass\MFCCase\Debug\rc.read.1.tlog
E:\VisualStudio\4DClass\MFCCase\Debug\rc.write.1.tlog
E:\VISUALSTUDIO\4DCLASS\MFCCASE\DEBUG\STDAFX.OBJ
E:\VisualStudio\4DClass\MFCCase\Debug\vc100.idb
E:\VISUALSTUDIO\4DCLASS\MFCCASE\DEBUG\VC100.PDB
