生成启动时间为 2016/1/19 15:48:31。
     1>项目“E:\VisualStudio\4DClass_25\4DMisc\4DMisc.vcxproj”在节点 6 上(Build 个目标)。
     1>ClCompile:
         C:\Program Files (x86)\Microsoft Visual Studio 11.0\VC\bin\CL.exe /c /ZI /nologo /W3 /WX- /Od /Oy- /D _UNICODE /D UNICODE /Gm /EHsc /RTC1 /MDd /GS /fp:precise /Zc:wchar_t /Zc:forScope /Fo"Debug\\" /Fd"Debug\vc110.pdb" /Gd /TP /analyze- /errorReport:prompt ConfigDatabase.cpp ConfigManager.cpp DxMath.cpp EffectStateManager.cpp GetDXVer.cpp LoadSceneFromX.cpp MeshLoader.cpp Renderables.cpp xnaCollision.cpp
         xnaCollision.cpp
     1>e:\visualstudio\4dclass_25\dxut\core\dxut.h(29): fatal error C1083: 无法打开包括文件:“dxsdkver.h”: No such file or directory
         Renderables.cpp
     1>e:\visualstudio\4dclass_25\dxut\core\dxut.h(29): fatal error C1083: 无法打开包括文件:“dxsdkver.h”: No such file or directory
         MeshLoader.cpp
     1>e:\visualstudio\4dclass_25\dxut\core\dxut.h(29): fatal error C1083: 无法打开包括文件:“dxsdkver.h”: No such file or directory
         LoadSceneFromX.cpp
     1>e:\visualstudio\4dclass_25\dxut\core\dxut.h(29): fatal error C1083: 无法打开包括文件:“dxsdkver.h”: No such file or directory
         GetDXVer.cpp
     1>e:\visualstudio\4dclass_25\dxut\core\dxut.h(29): fatal error C1083: 无法打开包括文件:“dxsdkver.h”: No such file or directory
         EffectStateManager.cpp
     1>e:\visualstudio\4dclass_25\dxut\core\dxut.h(29): fatal error C1083: 无法打开包括文件:“dxsdkver.h”: No such file or directory
         DxMath.cpp
     1>e:\visualstudio\4dclass_25\4dmisc\dxmath.h(19): fatal error C1083: 无法打开包括文件:“D3dx9math.h”: No such file or directory
         ConfigManager.cpp
     1>e:\visualstudio\4dclass_25\dxut\core\dxut.h(29): fatal error C1083: 无法打开包括文件:“dxsdkver.h”: No such file or directory
         ConfigDatabase.cpp
     1>e:\visualstudio\4dclass_25\dxut\core\dxut.h(29): fatal error C1083: 无法打开包括文件:“dxsdkver.h”: No such file or directory
         正在生成代码...
     1>已完成生成项目“E:\VisualStudio\4DClass_25\4DMisc\4DMisc.vcxproj”(Build 个目标)的操作 - 失败。

生成失败。

已用时间 00:00:00.69
