D:\physics\NewtonWin-2.30\sdk\projects_vs2008\Win32/dContainers/Release_mt\dContainers.lib
D:\physics\NewtonWin-2.30\sdk\projects_vs2008\Win32\dContainers\Release_mt\cl.command.1.tlog
D:\physics\NewtonWin-2.30\sdk\projects_vs2008\Win32\dContainers\Release_mt\CL.read.1.tlog
D:\physics\NewtonWin-2.30\sdk\projects_vs2008\Win32\dContainers\Release_mt\CL.write.1.tlog
D:\physics\NewtonWin-2.30\sdk\projects_vs2008\Win32\dContainers\Release_mt\dBaseHierarchy.obj
D:\physics\NewtonWin-2.30\sdk\projects_vs2008\Win32\dContainers\Release_mt\dClassInfo.obj
D:\physics\NewtonWin-2.30\sdk\projects_vs2008\Win32\dContainers\Release_mt\dContainers.pch
D:\physics\NewtonWin-2.30\sdk\projects_vs2008\Win32\dContainers\Release_mt\dContainersStdAfx.obj
D:\physics\NewtonWin-2.30\sdk\projects_vs2008\Win32\dContainers\Release_mt\dCRC.obj
D:\physics\NewtonWin-2.30\sdk\projects_vs2008\Win32\dContainers\Release_mt\dRefCounter.obj
D:\physics\NewtonWin-2.30\sdk\projects_vs2008\Win32\dContainers\Release_mt\dThread.obj
D:\physics\NewtonWin-2.30\sdk\projects_vs2008\Win32\dContainers\Release_mt\dTree.obj
D:\physics\NewtonWin-2.30\sdk\projects_vs2008\Win32\dContainers\Release_mt\lib.command.1.tlog
D:\physics\NewtonWin-2.30\sdk\projects_vs2008\Win32\dContainers\Release_mt\Lib-link.read.1.tlog
D:\physics\NewtonWin-2.30\sdk\projects_vs2008\Win32\dContainers\Release_mt\Lib-link.write.1.tlog
D:\physics\NewtonWin-2.30\sdk\projects_vs2008\Win32\dContainers\Release_mt\vc100.pdb
E:\VISUALSTUDIO\NEWTONWIN-2.30\SDK\PROJECTS_VS2008\WIN32\DCONTAINERS\RELEASE_MT\DBASEHIERARCHY.OBJ
E:\VISUALSTUDIO\NEWTONWIN-2.30\SDK\PROJECTS_VS2008\WIN32\DCONTAINERS\RELEASE_MT\DCLASSINFO.OBJ
E:\VISUALSTUDIO\NEWTONWIN-2.30\SDK\PROJECTS_VS2008\WIN32\DCONTAINERS\RELEASE_MT\DCONTAINERS.LIB
E:\VISUALSTUDIO\NEWTONWIN-2.30\SDK\PROJECTS_VS2008\WIN32\DCONTAINERS\RELEASE_MT\DCONTAINERS.PCH
E:\VISUALSTUDIO\NEWTONWIN-2.30\SDK\PROJECTS_VS2008\WIN32\DCONTAINERS\RELEASE_MT\DCONTAINERSSTDAFX.OBJ
E:\VISUALSTUDIO\NEWTONWIN-2.30\SDK\PROJECTS_VS2008\WIN32\DCONTAINERS\RELEASE_MT\DCRC.OBJ
E:\VISUALSTUDIO\NEWTONWIN-2.30\SDK\PROJECTS_VS2008\WIN32\DCONTAINERS\RELEASE_MT\DREFCOUNTER.OBJ
E:\VISUALSTUDIO\NEWTONWIN-2.30\SDK\PROJECTS_VS2008\WIN32\DCONTAINERS\RELEASE_MT\DTHREAD.OBJ
E:\VISUALSTUDIO\NEWTONWIN-2.30\SDK\PROJECTS_VS2008\WIN32\DCONTAINERS\RELEASE_MT\DTREE.OBJ
E:\VISUALSTUDIO\NEWTONWIN-2.30\SDK\PROJECTS_VS2008\WIN32\DCONTAINERS\RELEASE_MT\VC100.PDB
