D:\physics\NewtonWin-2.30\sdk\projects_vs2008\Win32/dScene/Release_mt\dScene.lib
D:\physics\NewtonWin-2.30\sdk\projects_vs2008\Win32\dScene\Release_mt\cl.command.1.tlog
D:\physics\NewtonWin-2.30\sdk\projects_vs2008\Win32\dScene\Release_mt\CL.read.1.tlog
D:\physics\NewtonWin-2.30\sdk\projects_vs2008\Win32\dScene\Release_mt\CL.write.1.tlog
D:\physics\NewtonWin-2.30\sdk\projects_vs2008\Win32\dScene\Release_mt\dBoneNodeInfo.obj
D:\physics\NewtonWin-2.30\sdk\projects_vs2008\Win32\dScene\Release_mt\dCameraNodeInfo.obj
D:\physics\NewtonWin-2.30\sdk\projects_vs2008\Win32\dScene\Release_mt\dCollisionBoxNodeInfo.obj
D:\physics\NewtonWin-2.30\sdk\projects_vs2008\Win32\dScene\Release_mt\dCollisionCapsuleNodeInfo.obj
D:\physics\NewtonWin-2.30\sdk\projects_vs2008\Win32\dScene\Release_mt\dCollisionChamferCylinderNodeInfo.obj
D:\physics\NewtonWin-2.30\sdk\projects_vs2008\Win32\dScene\Release_mt\dCollisionCompoundNodeInfo.obj
D:\physics\NewtonWin-2.30\sdk\projects_vs2008\Win32\dScene\Release_mt\dCollisionConeNodeInfo.obj
D:\physics\NewtonWin-2.30\sdk\projects_vs2008\Win32\dScene\Release_mt\dCollisionConvexHullNodeInfo.obj
D:\physics\NewtonWin-2.30\sdk\projects_vs2008\Win32\dScene\Release_mt\dCollisionCylinderNodeInfo.obj
D:\physics\NewtonWin-2.30\sdk\projects_vs2008\Win32\dScene\Release_mt\dCollisionNodeInfo.obj
D:\physics\NewtonWin-2.30\sdk\projects_vs2008\Win32\dScene\Release_mt\dCollisionSphereNodeInfo.obj
D:\physics\NewtonWin-2.30\sdk\projects_vs2008\Win32\dScene\Release_mt\dDrawUtils.obj
D:\physics\NewtonWin-2.30\sdk\projects_vs2008\Win32\dScene\Release_mt\dExportPlugin.obj
D:\physics\NewtonWin-2.30\sdk\projects_vs2008\Win32\dScene\Release_mt\dGeometryNodeInfo.obj
D:\physics\NewtonWin-2.30\sdk\projects_vs2008\Win32\dScene\Release_mt\dGeometryNodeModifierInfo.obj
D:\physics\NewtonWin-2.30\sdk\projects_vs2008\Win32\dScene\Release_mt\dGeometryNodeSkinModifierInfo.obj
D:\physics\NewtonWin-2.30\sdk\projects_vs2008\Win32\dScene\Release_mt\dImportPlugin.obj
D:\physics\NewtonWin-2.30\sdk\projects_vs2008\Win32\dScene\Release_mt\dllmain.obj
D:\physics\NewtonWin-2.30\sdk\projects_vs2008\Win32\dScene\Release_mt\dMaterialNodeInfo.obj
D:\physics\NewtonWin-2.30\sdk\projects_vs2008\Win32\dScene\Release_mt\dMeshNodeInfo.obj
D:\physics\NewtonWin-2.30\sdk\projects_vs2008\Win32\dScene\Release_mt\dNodeInfo.obj
D:\physics\NewtonWin-2.30\sdk\projects_vs2008\Win32\dScene\Release_mt\dPluginRecord.obj
D:\physics\NewtonWin-2.30\sdk\projects_vs2008\Win32\dScene\Release_mt\dPluginStdafx.obj
D:\physics\NewtonWin-2.30\sdk\projects_vs2008\Win32\dScene\Release_mt\dRigidbodyNodeInfo.obj
D:\physics\NewtonWin-2.30\sdk\projects_vs2008\Win32\dScene\Release_mt\dRootNodeInfo.obj
D:\physics\NewtonWin-2.30\sdk\projects_vs2008\Win32\dScene\Release_mt\dScene.obj
D:\physics\NewtonWin-2.30\sdk\projects_vs2008\Win32\dScene\Release_mt\dScene.pch
D:\physics\NewtonWin-2.30\sdk\projects_vs2008\Win32\dScene\Release_mt\dSceneGraph.obj
D:\physics\NewtonWin-2.30\sdk\projects_vs2008\Win32\dScene\Release_mt\dSceneNodeInfo.obj
D:\physics\NewtonWin-2.30\sdk\projects_vs2008\Win32\dScene\Release_mt\dTextureNodeInfo.obj
D:\physics\NewtonWin-2.30\sdk\projects_vs2008\Win32\dScene\Release_mt\dVariable.obj
D:\physics\NewtonWin-2.30\sdk\projects_vs2008\Win32\dScene\Release_mt\lib.command.1.tlog
D:\physics\NewtonWin-2.30\sdk\projects_vs2008\Win32\dScene\Release_mt\Lib-link.read.1.tlog
D:\physics\NewtonWin-2.30\sdk\projects_vs2008\Win32\dScene\Release_mt\Lib-link.write.1.tlog
D:\physics\NewtonWin-2.30\sdk\projects_vs2008\Win32\dScene\Release_mt\vc100.pdb
E:\VISUALSTUDIO\NEWTONWIN-2.30\SDK\PROJECTS_VS2008\WIN32\DSCENE\RELEASE_MT\DBONENODEINFO.OBJ
E:\VISUALSTUDIO\NEWTONWIN-2.30\SDK\PROJECTS_VS2008\WIN32\DSCENE\RELEASE_MT\DCAMERANODEINFO.OBJ
E:\VISUALSTUDIO\NEWTONWIN-2.30\SDK\PROJECTS_VS2008\WIN32\DSCENE\RELEASE_MT\DCOLLISIONBOXNODEINFO.OBJ
E:\VISUALSTUDIO\NEWTONWIN-2.30\SDK\PROJECTS_VS2008\WIN32\DSCENE\RELEASE_MT\DCOLLISIONCAPSULENODEINFO.OBJ
E:\VISUALSTUDIO\NEWTONWIN-2.30\SDK\PROJECTS_VS2008\WIN32\DSCENE\RELEASE_MT\DCOLLISIONCHAMFERCYLINDERNODEINFO.OBJ
E:\VISUALSTUDIO\NEWTONWIN-2.30\SDK\PROJECTS_VS2008\WIN32\DSCENE\RELEASE_MT\DCOLLISIONCOMPOUNDNODEINFO.OBJ
E:\VISUALSTUDIO\NEWTONWIN-2.30\SDK\PROJECTS_VS2008\WIN32\DSCENE\RELEASE_MT\DCOLLISIONCONENODEINFO.OBJ
E:\VISUALSTUDIO\NEWTONWIN-2.30\SDK\PROJECTS_VS2008\WIN32\DSCENE\RELEASE_MT\DCOLLISIONCONVEXHULLNODEINFO.OBJ
E:\VISUALSTUDIO\NEWTONWIN-2.30\SDK\PROJECTS_VS2008\WIN32\DSCENE\RELEASE_MT\DCOLLISIONCYLINDERNODEINFO.OBJ
E:\VISUALSTUDIO\NEWTONWIN-2.30\SDK\PROJECTS_VS2008\WIN32\DSCENE\RELEASE_MT\DCOLLISIONNODEINFO.OBJ
E:\VISUALSTUDIO\NEWTONWIN-2.30\SDK\PROJECTS_VS2008\WIN32\DSCENE\RELEASE_MT\DCOLLISIONSPHERENODEINFO.OBJ
E:\VISUALSTUDIO\NEWTONWIN-2.30\SDK\PROJECTS_VS2008\WIN32\DSCENE\RELEASE_MT\DDRAWUTILS.OBJ
E:\VISUALSTUDIO\NEWTONWIN-2.30\SDK\PROJECTS_VS2008\WIN32\DSCENE\RELEASE_MT\DEXPORTPLUGIN.OBJ
E:\VISUALSTUDIO\NEWTONWIN-2.30\SDK\PROJECTS_VS2008\WIN32\DSCENE\RELEASE_MT\DGEOMETRYNODEINFO.OBJ
E:\VISUALSTUDIO\NEWTONWIN-2.30\SDK\PROJECTS_VS2008\WIN32\DSCENE\RELEASE_MT\DGEOMETRYNODEMODIFIERINFO.OBJ
E:\VISUALSTUDIO\NEWTONWIN-2.30\SDK\PROJECTS_VS2008\WIN32\DSCENE\RELEASE_MT\DGEOMETRYNODESKINMODIFIERINFO.OBJ
E:\VISUALSTUDIO\NEWTONWIN-2.30\SDK\PROJECTS_VS2008\WIN32\DSCENE\RELEASE_MT\DIMPORTPLUGIN.OBJ
E:\VISUALSTUDIO\NEWTONWIN-2.30\SDK\PROJECTS_VS2008\WIN32\DSCENE\RELEASE_MT\DLLMAIN.OBJ
E:\VISUALSTUDIO\NEWTONWIN-2.30\SDK\PROJECTS_VS2008\WIN32\DSCENE\RELEASE_MT\DMATERIALNODEINFO.OBJ
E:\VISUALSTUDIO\NEWTONWIN-2.30\SDK\PROJECTS_VS2008\WIN32\DSCENE\RELEASE_MT\DMESHNODEINFO.OBJ
E:\VISUALSTUDIO\NEWTONWIN-2.30\SDK\PROJECTS_VS2008\WIN32\DSCENE\RELEASE_MT\DNODEINFO.OBJ
E:\VISUALSTUDIO\NEWTONWIN-2.30\SDK\PROJECTS_VS2008\WIN32\DSCENE\RELEASE_MT\DPLUGINRECORD.OBJ
E:\VISUALSTUDIO\NEWTONWIN-2.30\SDK\PROJECTS_VS2008\WIN32\DSCENE\RELEASE_MT\DPLUGINSTDAFX.OBJ
E:\VISUALSTUDIO\NEWTONWIN-2.30\SDK\PROJECTS_VS2008\WIN32\DSCENE\RELEASE_MT\DRIGIDBODYNODEINFO.OBJ
E:\VISUALSTUDIO\NEWTONWIN-2.30\SDK\PROJECTS_VS2008\WIN32\DSCENE\RELEASE_MT\DROOTNODEINFO.OBJ
E:\VISUALSTUDIO\NEWTONWIN-2.30\SDK\PROJECTS_VS2008\WIN32\DSCENE\RELEASE_MT\DSCENE.LIB
E:\VISUALSTUDIO\NEWTONWIN-2.30\SDK\PROJECTS_VS2008\WIN32\DSCENE\RELEASE_MT\DSCENE.OBJ
E:\VISUALSTUDIO\NEWTONWIN-2.30\SDK\PROJECTS_VS2008\WIN32\DSCENE\RELEASE_MT\DSCENE.PCH
E:\VISUALSTUDIO\NEWTONWIN-2.30\SDK\PROJECTS_VS2008\WIN32\DSCENE\RELEASE_MT\DSCENEGRAPH.OBJ
E:\VISUALSTUDIO\NEWTONWIN-2.30\SDK\PROJECTS_VS2008\WIN32\DSCENE\RELEASE_MT\DSCENENODEINFO.OBJ
E:\VISUALSTUDIO\NEWTONWIN-2.30\SDK\PROJECTS_VS2008\WIN32\DSCENE\RELEASE_MT\DTEXTURENODEINFO.OBJ
E:\VISUALSTUDIO\NEWTONWIN-2.30\SDK\PROJECTS_VS2008\WIN32\DSCENE\RELEASE_MT\DVARIABLE.OBJ
E:\VISUALSTUDIO\NEWTONWIN-2.30\SDK\PROJECTS_VS2008\WIN32\DSCENE\RELEASE_MT\VC100.PDB
