Build started 2011/8/17 12:30:58.
     1>Project "E:\VisualStudio\4DClass\NewtonWin-2.30\sdk\projects_vs2008\dMath.vcxproj" on node 2 (rebuild target(s)).
     1>_PrepareForClean:
         Deleting file "Win32/dMath/Debug_md\dMath.lastbuildstate".
       InitializeBuildStatus:
         Creating "Win32/dMath/Debug_md\dMath.unsuccessfulbuild" because "AlwaysCreate" was specified.
       ClCompile:
         c:\Program Files\Microsoft Visual Studio 10.0\VC\bin\CL.exe /c /I../../sdk /I../dMath /Zi /nologo /W4 /WX- /Od /Ob2 /Oi /Ot /Oy- /D WIN32 /D _DEBUG /D _LIB /D _VC80_UPGRADE=0x0710 /D _MBCS /Gm /EHsc /RTC1 /MDd /GS /fp:precise /Zc:wchar_t /Zc:forScope /Yc"dStdAfxMath.h" /Fp"Win32/dMath/Debug_md\dMath.pch" /Fo"Win32/dMath/Debug_md\\" /Fd"Win32/dMath/Debug_md\vc100.pdb" /Gd /TP /analyze- /errorReport:prompt ..\dMath\dStdAfxMath.cpp
         dStdAfxMath.cpp
         c:\Program Files\Microsoft Visual Studio 10.0\VC\bin\CL.exe /c /I../../sdk /I../dMath /Zi /nologo /W4 /WX- /Od /Ob2 /Oi /Ot /Oy- /D WIN32 /D _DEBUG /D _LIB /D _VC80_UPGRADE=0x0710 /D _MBCS /Gm /EHsc /RTC1 /MDd /GS /fp:precise /Zc:wchar_t /Zc:forScope /Yu"dStdAfxMath.h" /Fp"Win32/dMath/Debug_md\dMath.pch" /Fo"Win32/dMath/Debug_md\\" /Fd"Win32/dMath/Debug_md\vc100.pdb" /Gd /TP /analyze- /errorReport:prompt ..\dMath\dMathDefines.cpp ..\dMath\dMatrix.cpp ..\dMath\dQuaternion.cpp ..\dMath\dVector.cpp
         dVector.cpp
         dQuaternion.cpp
         dMatrix.cpp
         dMathDefines.cpp
         Generating Code...
     1>C:\Program Files\MSBuild\Microsoft.Cpp\v4.0\Microsoft.CppBuild.targets(1151,5): warning MSB8012: TargetPath(E:\VisualStudio\4DClass\NewtonWin-2.30\sdk\projects_vs2008\Win32/dMath/Debug_md\dMath.lib) does not match the Library's OutputFile property value (E:\VisualStudio\4DClass\NewtonWin-2.30\sdk\projects_vs2008\Win32\dMath\Debug_md\dMath_d.lib). This may cause your project to build incorrectly. To correct this, please make sure that $(OutDir), $(TargetName) and $(TargetExt) property values match the value specified in %(Lib.OutputFile).
     1>C:\Program Files\MSBuild\Microsoft.Cpp\v4.0\Microsoft.CppBuild.targets(1153,5): warning MSB8012: TargetName(dMath) does not match the Library's OutputFile property value (dMath_d). This may cause your project to build incorrectly. To correct this, please make sure that $(OutDir), $(TargetName) and $(TargetExt) property values match the value specified in %(Lib.OutputFile).
       Lib:
         c:\Program Files\Microsoft Visual Studio 10.0\VC\bin\Lib.exe /OUT:"Win32/dMath/Debug_md\dMath_d.lib" /NOLOGO Win32/dMath/Debug_md\dMathDefines.obj
         Win32/dMath/Debug_md\dMatrix.obj
         Win32/dMath/Debug_md\dQuaternion.obj
         Win32/dMath/Debug_md\dStdAfxMath.obj
         Win32/dMath/Debug_md\dVector.obj
         dMath.vcxproj -> E:\VisualStudio\4DClass\NewtonWin-2.30\sdk\projects_vs2008\Win32/dMath/Debug_md\dMath.lib
       PostBuildEvent:
         xcopy "Win32/dMath/Debug_md\dMath_d.lib" "../X32/lib_vs9_md/*.*"  /F /Y
         :VCEnd
         E:\VisualStudio\4DClass\NewtonWin-2.30\sdk\projects_vs2008\Win32\dMath\Debug_md\dMath_d.lib -> E:\VisualStudio\4DClass\NewtonWin-2.30\sdk\X32\lib_vs9_md\dMath_d.lib
         复制了 1 个文件
       FinalizeBuildStatus:
         Deleting file "Win32/dMath/Debug_md\dMath.unsuccessfulbuild".
         Touching "Win32/dMath/Debug_md\dMath.lastbuildstate".
     1>Done Building Project "E:\VisualStudio\4DClass\NewtonWin-2.30\sdk\projects_vs2008\dMath.vcxproj" (rebuild target(s)).

Build succeeded.

Time Elapsed 00:00:01.64
