E:\VISUALSTUDIO\4DCLASS\DEBUG\VIRTUALLAB.EXE
E:\VISUALSTUDIO\4DCLASS\DEBUG\VIRTUALLAB.ILK
E:\VISUALSTUDIO\4DCLASS\DEBUG\VIRTUALLAB.PDB
E:\VISUALSTUDIO\4DCLASS\VIRTUALLAB\DEBUG\CAPSULEDIALOG.OBJ
E:\VISUALSTUDIO\4DCLASS\VIRTUALLAB\DEBUG\CHAMFERCYLINDERDIALOG.OBJ
E:\VISUALSTUDIO\4DCLASS\VIRTUALLAB\DEBUG\CHANGEJOINTFORCEPROPERTIES.OBJ
E:\VISUALSTUDIO\4DCLASS\VIRTUALLAB\DEBUG\CHANGEJOINTPROPERTIES.OBJ
E:\VISUALSTUDIO\4DCLASS\VIRTUALLAB\DEBUG\CHANGEPHYISCSFORCEPROPERTIES.OBJ
E:\VISUALSTUDIO\4DCLASS\VIRTUALLAB\DEBUG\CHANGEPHYSICSPROPERTIES.OBJ
E:\VISUALSTUDIO\4DCLASS\VIRTUALLAB\DEBUG\CHANGEPROPERTIES.OBJ
E:\VisualStudio\4DClass\VirtualLab\Debug\cl.command.1.tlog
E:\VisualStudio\4DClass\VirtualLab\Debug\CL.read.1.tlog
E:\VisualStudio\4DClass\VirtualLab\Debug\CL.write.1.tlog
E:\VISUALSTUDIO\4DCLASS\VIRTUALLAB\DEBUG\CLASSICBALLJOINTDIALOG.OBJ
E:\VISUALSTUDIO\4DCLASS\VIRTUALLAB\DEBUG\CLASSICCORKSCREWJOINTDIALOG.OBJ
E:\VISUALSTUDIO\4DCLASS\VIRTUALLAB\DEBUG\CLASSICHINGEJOINTDIALOG.OBJ
E:\VISUALSTUDIO\4DCLASS\VIRTUALLAB\DEBUG\CLASSICSLIDERJOINTDIALOG.OBJ
E:\VISUALSTUDIO\4DCLASS\VIRTUALLAB\DEBUG\CLASSICUNIVERSALJOINTDIALOG.OBJ
E:\VISUALSTUDIO\4DCLASS\VIRTUALLAB\DEBUG\CLASSICUPVECTORJOINTDIALOG.OBJ
E:\VISUALSTUDIO\4DCLASS\VIRTUALLAB\DEBUG\COMPOUNDAXISDIALOG.OBJ
E:\VISUALSTUDIO\4DCLASS\VIRTUALLAB\DEBUG\COMPOUNDBOXDIALOG.OBJ
E:\VISUALSTUDIO\4DCLASS\VIRTUALLAB\DEBUG\COMPOUNDCOMMAND.OBJ
E:\VISUALSTUDIO\4DCLASS\VIRTUALLAB\DEBUG\COMPOUNDPLUSDIALOG.OBJ
E:\VISUALSTUDIO\4DCLASS\VIRTUALLAB\DEBUG\CONECOMMAND.OBJ
E:\VISUALSTUDIO\4DCLASS\VIRTUALLAB\DEBUG\CONEDIALOG.OBJ
E:\VISUALSTUDIO\4DCLASS\VIRTUALLAB\DEBUG\CONTROLOPERATIONS.OBJ
E:\VISUALSTUDIO\4DCLASS\VIRTUALLAB\DEBUG\CUBEDIALOG.OBJ
E:\VISUALSTUDIO\4DCLASS\VIRTUALLAB\DEBUG\CUBOIDDIALOG.OBJ
E:\VISUALSTUDIO\4DCLASS\VIRTUALLAB\DEBUG\CUSTOM6DOFJOINTDIALOG.OBJ
E:\VISUALSTUDIO\4DCLASS\VIRTUALLAB\DEBUG\CUSTOMBALLJOINTDIALOG.OBJ
E:\VISUALSTUDIO\4DCLASS\VIRTUALLAB\DEBUG\CUSTOMHINGEJOINTDIALOG.OBJ
E:\VISUALSTUDIO\4DCLASS\VIRTUALLAB\DEBUG\CUSTOMSLIDERJOINTDIALOG.OBJ
E:\VISUALSTUDIO\4DCLASS\VIRTUALLAB\DEBUG\CYLINDERCOMMAND.OBJ
E:\VISUALSTUDIO\4DCLASS\VIRTUALLAB\DEBUG\CYLINDERDIALOG.OBJ
E:\VISUALSTUDIO\4DCLASS\VIRTUALLAB\DEBUG\DEVICECOMMAND.OBJ
E:\VISUALSTUDIO\4DCLASS\VIRTUALLAB\DEBUG\DEVICEOPERATIONS.OBJ
E:\VISUALSTUDIO\4DCLASS\VIRTUALLAB\DEBUG\DEVICEPROPERTIES.OBJ
E:\VISUALSTUDIO\4DCLASS\VIRTUALLAB\DEBUG\DEVICEPROPERTIESCHANGED.OBJ
E:\VISUALSTUDIO\4DCLASS\VIRTUALLAB\DEBUG\DEVICETEXTUREDIALOG.OBJ
E:\VISUALSTUDIO\4DCLASS\VIRTUALLAB\DEBUG\EFFECTPROPERTIES.OBJ
E:\VISUALSTUDIO\4DCLASS\VIRTUALLAB\DEBUG\FILEMESHPROPERTIES.OBJ
E:\VISUALSTUDIO\4DCLASS\VIRTUALLAB\DEBUG\FILLBOXPROPERTIES.OBJ
E:\VISUALSTUDIO\4DCLASS\VIRTUALLAB\DEBUG\FILLJOINTFORCEPROPERTIES.OBJ
E:\VISUALSTUDIO\4DCLASS\VIRTUALLAB\DEBUG\FILLJOINTPROPERTIES.OBJ
E:\VISUALSTUDIO\4DCLASS\VIRTUALLAB\DEBUG\FILLPHYSICSFORCEPROPERTIES.OBJ
E:\VISUALSTUDIO\4DCLASS\VIRTUALLAB\DEBUG\FILLPHYSICSPROPERTIES.OBJ
E:\VISUALSTUDIO\4DCLASS\VIRTUALLAB\DEBUG\FILLPROPERTIES.OBJ
E:\VISUALSTUDIO\4DCLASS\VIRTUALLAB\DEBUG\FILLRENDERPROPERTIES.OBJ
E:\VISUALSTUDIO\4DCLASS\VIRTUALLAB\DEBUG\FILTEROPERATIONS.OBJ
E:\VISUALSTUDIO\4DCLASS\VIRTUALLAB\DEBUG\FILTERPROPERTIES.OBJ
E:\VISUALSTUDIO\4DCLASS\VIRTUALLAB\DEBUG\FILTERPROPERTIESCHANGED.OBJ
E:\VISUALSTUDIO\4DCLASS\VIRTUALLAB\DEBUG\FLOORDIALOG.OBJ
E:\VISUALSTUDIO\4DCLASS\VIRTUALLAB\DEBUG\FRUSTUMCOMMAND.OBJ
E:\VISUALSTUDIO\4DCLASS\VIRTUALLAB\DEBUG\FRUSTUMDIALOG.OBJ
E:\VISUALSTUDIO\4DCLASS\VIRTUALLAB\DEBUG\HAARFILTERDIALOG.OBJ
E:\VISUALSTUDIO\4DCLASS\VIRTUALLAB\DEBUG\JOINTCOMMAND.OBJ
E:\VISUALSTUDIO\4DCLASS\VIRTUALLAB\DEBUG\JOINTPROPERTIESCHANGED.OBJ
E:\VISUALSTUDIO\4DCLASS\VIRTUALLAB\DEBUG\LINESTRIPPROPERTIES.OBJ
E:\VisualStudio\4DClass\VirtualLab\Debug\link.1344.read.1.tlog
E:\VisualStudio\4DClass\VirtualLab\Debug\link.1344.write.1.tlog
E:\VisualStudio\4DClass\VirtualLab\Debug\link.1344-cvtres.read.1.tlog
E:\VisualStudio\4DClass\VirtualLab\Debug\link.1344-cvtres.write.1.tlog
E:\VisualStudio\4DClass\VirtualLab\Debug\link.2456.read.1.tlog
E:\VisualStudio\4DClass\VirtualLab\Debug\link.2456.write.1.tlog
E:\VisualStudio\4DClass\VirtualLab\Debug\link.2456-cvtres.read.1.tlog
E:\VisualStudio\4DClass\VirtualLab\Debug\link.2456-cvtres.write.1.tlog
E:\VisualStudio\4DClass\VirtualLab\Debug\link.2904.read.1.tlog
E:\VisualStudio\4DClass\VirtualLab\Debug\link.2904.write.1.tlog
E:\VisualStudio\4DClass\VirtualLab\Debug\link.2904-cvtres.read.1.tlog
E:\VisualStudio\4DClass\VirtualLab\Debug\link.2904-cvtres.write.1.tlog
E:\VisualStudio\4DClass\VirtualLab\Debug\link.4812.read.1.tlog
E:\VisualStudio\4DClass\VirtualLab\Debug\link.4812.write.1.tlog
E:\VisualStudio\4DClass\VirtualLab\Debug\link.4812-cvtres.read.1.tlog
E:\VisualStudio\4DClass\VirtualLab\Debug\link.4812-cvtres.write.1.tlog
E:\VisualStudio\4DClass\VirtualLab\Debug\link.4972.read.1.tlog
E:\VisualStudio\4DClass\VirtualLab\Debug\link.4972.write.1.tlog
E:\VisualStudio\4DClass\VirtualLab\Debug\link.4972-cvtres.read.1.tlog
E:\VisualStudio\4DClass\VirtualLab\Debug\link.4972-cvtres.write.1.tlog
E:\VisualStudio\4DClass\VirtualLab\Debug\link.5700.read.1.tlog
E:\VisualStudio\4DClass\VirtualLab\Debug\link.5700.write.1.tlog
E:\VisualStudio\4DClass\VirtualLab\Debug\link.5700-cvtres.read.1.tlog
E:\VisualStudio\4DClass\VirtualLab\Debug\link.5700-cvtres.write.1.tlog
E:\VisualStudio\4DClass\VirtualLab\Debug\link.6360.read.1.tlog
E:\VisualStudio\4DClass\VirtualLab\Debug\link.6360.write.1.tlog
E:\VisualStudio\4DClass\VirtualLab\Debug\link.6360-cvtres.read.1.tlog
E:\VisualStudio\4DClass\VirtualLab\Debug\link.6360-cvtres.write.1.tlog
E:\VisualStudio\4DClass\VirtualLab\Debug\link.7004.read.1.tlog
E:\VisualStudio\4DClass\VirtualLab\Debug\link.7004.write.1.tlog
E:\VisualStudio\4DClass\VirtualLab\Debug\link.7004-cvtres.read.1.tlog
E:\VisualStudio\4DClass\VirtualLab\Debug\link.7004-cvtres.write.1.tlog
E:\VisualStudio\4DClass\VirtualLab\Debug\link.7188.read.1.tlog
E:\VisualStudio\4DClass\VirtualLab\Debug\link.7188.write.1.tlog
E:\VisualStudio\4DClass\VirtualLab\Debug\link.7188-cvtres.read.1.tlog
E:\VisualStudio\4DClass\VirtualLab\Debug\link.7188-cvtres.write.1.tlog
E:\VisualStudio\4DClass\VirtualLab\Debug\link.7596.read.1.tlog
E:\VisualStudio\4DClass\VirtualLab\Debug\link.7596.write.1.tlog
E:\VisualStudio\4DClass\VirtualLab\Debug\link.7596-cvtres.read.1.tlog
E:\VisualStudio\4DClass\VirtualLab\Debug\link.7596-cvtres.write.1.tlog
E:\VisualStudio\4DClass\VirtualLab\Debug\link.command.1.tlog
E:\VisualStudio\4DClass\VirtualLab\Debug\link.read.1.tlog
E:\VisualStudio\4DClass\VirtualLab\Debug\link.write.1.tlog
E:\VisualStudio\4DClass\VirtualLab\Debug\link-cvtres.read.1.tlog
E:\VisualStudio\4DClass\VirtualLab\Debug\link-cvtres.write.1.tlog
E:\VISUALSTUDIO\4DCLASS\VIRTUALLAB\DEBUG\MAINFRM.OBJ
E:\VisualStudio\4DClass\VirtualLab\Debug\mt.command.1.tlog
E:\VisualStudio\4DClass\VirtualLab\Debug\mt.read.1.tlog
E:\VisualStudio\4DClass\VirtualLab\Debug\mt.write.1.tlog
E:\VISUALSTUDIO\4DCLASS\VIRTUALLAB\DEBUG\POLYGONCOMMAND.OBJ
E:\VISUALSTUDIO\4DCLASS\VIRTUALLAB\DEBUG\POLYGONDIALOG.OBJ
E:\VISUALSTUDIO\4DCLASS\VIRTUALLAB\DEBUG\PRIMITIVECOMMAND.OBJ
E:\VISUALSTUDIO\4DCLASS\VIRTUALLAB\DEBUG\PRIMITIVEPROPERTIES.OBJ
E:\VISUALSTUDIO\4DCLASS\VIRTUALLAB\DEBUG\PROPERTIESCHANGED.OBJ
E:\VISUALSTUDIO\4DCLASS\VIRTUALLAB\DEBUG\PROPERTIESWND.OBJ
E:\VISUALSTUDIO\4DCLASS\VIRTUALLAB\DEBUG\RANDOMSCENE.OBJ
E:\VisualStudio\4DClass\VirtualLab\Debug\rc.command.1.tlog
E:\VisualStudio\4DClass\VirtualLab\Debug\rc.read.1.tlog
E:\VisualStudio\4DClass\VirtualLab\Debug\rc.write.1.tlog
E:\VISUALSTUDIO\4DCLASS\VIRTUALLAB\DEBUG\RENDERABLEPROPERTIES.OBJ
E:\VISUALSTUDIO\4DCLASS\VIRTUALLAB\DEBUG\RENDERPROPERTIESCHANGED.OBJ
E:\VISUALSTUDIO\4DCLASS\VIRTUALLAB\DEBUG\RESOURCEPROPERTIES.OBJ
E:\VISUALSTUDIO\4DCLASS\VIRTUALLAB\DEBUG\RESOURCEVIEW.OBJ
E:\VISUALSTUDIO\4DCLASS\VIRTUALLAB\DEBUG\SCENEVIEW.OBJ
E:\VISUALSTUDIO\4DCLASS\VIRTUALLAB\DEBUG\SLICECOMMAND.OBJ
E:\VISUALSTUDIO\4DCLASS\VIRTUALLAB\DEBUG\SLICEDIALOG.OBJ
E:\VISUALSTUDIO\4DCLASS\VIRTUALLAB\DEBUG\SPHEREDIALOG.OBJ
E:\VISUALSTUDIO\4DCLASS\VIRTUALLAB\DEBUG\STDAFX.OBJ
E:\VISUALSTUDIO\4DCLASS\VIRTUALLAB\DEBUG\TEXTUREPROPERTIES.OBJ
E:\VisualStudio\4DClass\VirtualLab\Debug\vc100.idb
E:\VISUALSTUDIO\4DCLASS\VIRTUALLAB\DEBUG\VC100.PDB
E:\VISUALSTUDIO\4DCLASS\VIRTUALLAB\DEBUG\VIEWPORTPROPERTIES.OBJ
E:\VISUALSTUDIO\4DCLASS\VIRTUALLAB\DEBUG\VIEWTREE.OBJ
E:\VISUALSTUDIO\4DCLASS\VIRTUALLAB\DEBUG\VIRTUALLAB.EXE.EMBED.MANIFEST
E:\VISUALSTUDIO\4DCLASS\VIRTUALLAB\DEBUG\VIRTUALLAB.EXE.EMBED.MANIFEST.RES
E:\VISUALSTUDIO\4DCLASS\VIRTUALLAB\DEBUG\VIRTUALLAB.EXE.INTERMEDIATE.MANIFEST
E:\VISUALSTUDIO\4DCLASS\VIRTUALLAB\DEBUG\VIRTUALLAB.OBJ
E:\VISUALSTUDIO\4DCLASS\VIRTUALLAB\DEBUG\VIRTUALLAB.PCH
E:\VISUALSTUDIO\4DCLASS\VIRTUALLAB\DEBUG\VIRTUALLAB.RES
E:\VisualStudio\4DClass\VirtualLab\Debug\VirtualLab_manifest.rc
E:\VISUALSTUDIO\4DCLASS\VIRTUALLAB\DEBUG\VIRTUALLABDOC.OBJ
E:\VISUALSTUDIO\4DCLASS\VIRTUALLAB\DEBUG\VIRTUALLABVIEW.OBJ
E:\VISUALSTUDIO\4DCLASS\VIRTUALLAB\DEBUG\VIRTUALSCENE.OBJ
