Build started 2012/2/16 14:02:38.
     1>Project "E:\VisualStudio\4DClass\VirtualLab\VirtualLab.vcxproj" on node 2 (build target(s)).
     1>InitializeBuildStatus:
         Creating "Debug\VirtualLab.unsuccessfulbuild" because "AlwaysCreate" was specified.
       ClCompile:
         All outputs are up-to-date.
         All outputs are up-to-date.
       ResourceCompile:
         All outputs are up-to-date.
       ManifestResourceCompile:
         All outputs are up-to-date.
       Link:
         c:\Program Files\Microsoft Visual Studio 10.0\VC\bin\link.exe /ERRORREPORT:PROMPT /OUT:"E:\VisualStudio\4DClass\Debug\VirtualLab.exe" /INCREMENTAL /NOLOGO comctl32.lib dxerr.lib dxguid.lib d3d9.lib d3dx9.lib d3d10.lib d3dx10.lib winmm.lib Dsound.lib Version.lib DXUT.lib DXUTOpt.lib newton.lib dMath_d.lib dJointLibrary_d.lib 4DMisc.lib 4DMath.lib 4DBasic.lib 4DString.lib 4DPhysics.lib 4DNewton.lib 4DCollision.lib 4DContainer.lib 4DGeometry.lib D3DXRenderable.lib D3DXApplication.lib D3DXPhysics.lib D3DXResource.lib D3DXDevice.lib 4DWorld.lib 4DRenderable.lib 4DJoint.lib MFCApplication.lib CLEyeMulticam.lib MSRKinectNUI.lib opencv_core231d.lib opencv_highgui231d.lib opencv_video231d.lib opencv_ml231d.lib opencv_legacy231d.lib opencv_imgproc231d.lib opencv_objdetect231d.lib /NODEFAULTLIB:LIBCD.lib /NODEFAULTLIB:libcmtd.lib /MANIFEST /ManifestFile:"Debug\VirtualLab.exe.intermediate.manifest" /MANIFESTUAC:"level='asInvoker' uiAccess='false'" /DEBUG /PDB:"E:\VisualStudio\4DClass\Debug\VirtualLab.pdb" /SUBSYSTEM:WINDOWS /TLBID:1 /ENTRY:"wWinMainCRTStartup" /DYNAMICBASE /NXCOMPAT /IMPLIB:"E:\VisualStudio\4DClass\Debug\VirtualLab.lib" /MACHINE:X86 Debug\VirtualLab.res
         Debug\VirtualLab.exe.embed.manifest.res
         Debug\CircleDialog.obj
         Debug\ClassicBallJointDialog.obj
         Debug\ChangeJointForceProperties.obj
         Debug\ChangeJointProperties.obj
         Debug\ClassicSliderJointDialog.obj
         Debug\ClassicUniversalJointDialog.obj
         Debug\CompoundCommand.obj
         Debug\CapsuleDialog.obj
         Debug\ChamferCylinderDialog.obj
         Debug\ChangePhyiscsForceProperties.obj
         Debug\ChangePhysicsProperties.obj
         Debug\ChangeProperties.obj
         Debug\ConeCommand.obj
         Debug\ConeDialog.obj
         Debug\ClassicCorkscrewJointDialog.obj
         Debug\ControlBallDialog.obj
         Debug\ControlItemDialog.obj
         Debug\ControlOperations.obj
         Debug\CubeDialog.obj
         Debug\CuboidDialog.obj
         Debug\Custom6DOFJointDialog.obj
         Debug\CustomBallJointDialog.obj
         Debug\CustomHingeJointDialog.obj
         Debug\CustomSliderJointDialog.obj
         Debug\CylinderCommand.obj
         Debug\CylinderDialog.obj
         Debug\DepthFilterDialog.obj
         Debug\GridDialog.obj
         Debug\DynamicCommand.obj
         Debug\GroundMeshDialog.obj
         Debug\HAARFilterDialog.obj
         Debug\DynamicOperation.obj
         Debug\KinematicItemDialog.obj
         Debug\SurfaceCommand.obj
         Debug\TextureOperations.obj
         Debug\DeviceProperties.obj
         Debug\DevicePropertiesChanged.obj
         Debug\InputTextureDialog.obj
         Debug\EffectProperties.obj
         Debug\FileMeshProperties.obj
         Debug\FillBoxProperties.obj
         Debug\FillJointForceProperties.obj
         Debug\FillJointProperties.obj
         Debug\FillPhysicsForceProperties.obj
         Debug\FillPhysicsProperties.obj
         Debug\FillProperties.obj
         Debug\FillRenderProperties.obj
         Debug\FilterOperations.obj
         Debug\FilterProperties.obj
         Debug\FilterPropertiesChanged.obj
         Debug\ArrayDialog.obj
         Debug\FrustumCommand.obj
         Debug\FrustumDialog.obj
         Debug\ClassicHingeJointDialog.obj
         Debug\JointCommand.obj
         Debug\JointPropertiesChanged.obj
         Debug\LinestripProperties.obj
         Debug\PolygonCommand.obj
         Debug\PolygonDialog.obj
         Debug\PrimitiveCommand.obj
         Debug\PrimitiveProperties.obj
         Debug\PropertiesChanged.obj
         Debug\CompoundAxisDialog.obj
         Debug\CompoundBoxDialog.obj
         Debug\CompoundPlusDialog.obj
         Debug\TextureCommand.obj
         Debug\RenderableProperties.obj
         Debug\RenderPropertiesChanged.obj
         Debug\ResourceProperties.obj
         Debug\SceneView.obj
         Debug\ResourceView.obj
         Debug\MainFrm.obj
         Debug\PropertiesWnd.obj
         Debug\RandomScene.obj
         Debug\InfrastructureCommand.obj
         Debug\SliceDialog.obj
         Debug\SphereDialog.obj
         Debug\stdafx.obj
         Debug\TextureProperties.obj
         Debug\ClassicUpVectorJointDialog.obj
         Debug\ViewPortCommand.obj
         Debug\ViewportProperties.obj
         Debug\ViewTree.obj
         Debug\VirtualLab.obj
         Debug\VirtualLabDoc.obj
         Debug\VirtualLabView.obj
         Debug\VirtualScene.obj
       Manifest:
         C:\Program Files\Microsoft SDKs\Windows\v7.0A\bin\mt.exe /nologo /verbose /out:"Debug\VirtualLab.exe.embed.manifest" /manifest Debug\VirtualLab.exe.intermediate.manifest "c:\Program Files\Microsoft Visual Studio 10.0\VC\Include\Manifest\dpiaware.manifest"
         All outputs are up-to-date.
       LinkEmbedManifest:
         All outputs are up-to-date.
         VirtualLab.vcxproj -> E:\VisualStudio\4DClass\Debug\VirtualLab.exe
       FinalizeBuildStatus:
         Deleting file "Debug\VirtualLab.unsuccessfulbuild".
         Touching "Debug\VirtualLab.lastbuildstate".
     1>Done Building Project "E:\VisualStudio\4DClass\VirtualLab\VirtualLab.vcxproj" (build target(s)).

Build succeeded.

Time Elapsed 00:00:04.61
