E:\VisualStudio\4DClass\NewtonWin-2.30\sdk\projects_vs2008\Win32/dJointLibrary/Debug_md\dJointLibrary.dll.intermediate.manifest
E:\VisualStudio\4DClass\NewtonWin-2.30\sdk\projects_vs2008\Win32\dJointLibrary\Debug_md\cl.command.1.tlog
E:\VisualStudio\4DClass\NewtonWin-2.30\sdk\projects_vs2008\Win32\dJointLibrary\Debug_md\CL.read.1.tlog
E:\VisualStudio\4DClass\NewtonWin-2.30\sdk\projects_vs2008\Win32\dJointLibrary\Debug_md\CL.write.1.tlog
E:\VISUALSTUDIO\4DCLASS\NEWTONWIN-2.30\SDK\PROJECTS_VS2008\WIN32\DJOINTLIBRARY\DEBUG_MD\CUSTOM6DOF.OBJ
E:\VISUALSTUDIO\4DCLASS\NEWTONWIN-2.30\SDK\PROJECTS_VS2008\WIN32\DJOINTLIBRARY\DEBUG_MD\CUSTOMBALLANDSOCKET.OBJ
E:\VISUALSTUDIO\4DCLASS\NEWTONWIN-2.30\SDK\PROJECTS_VS2008\WIN32\DJOINTLIBRARY\DEBUG_MD\CUSTOMCORKSCREW.OBJ
E:\VISUALSTUDIO\4DCLASS\NEWTONWIN-2.30\SDK\PROJECTS_VS2008\WIN32\DJOINTLIBRARY\DEBUG_MD\CUSTOMDGRAYCASTCAR.OBJ
E:\VISUALSTUDIO\4DCLASS\NEWTONWIN-2.30\SDK\PROJECTS_VS2008\WIN32\DJOINTLIBRARY\DEBUG_MD\CUSTOMDRYROLLINGFRICTION.OBJ
E:\VISUALSTUDIO\4DCLASS\NEWTONWIN-2.30\SDK\PROJECTS_VS2008\WIN32\DJOINTLIBRARY\DEBUG_MD\CUSTOMGEAR.OBJ
E:\VISUALSTUDIO\4DCLASS\NEWTONWIN-2.30\SDK\PROJECTS_VS2008\WIN32\DJOINTLIBRARY\DEBUG_MD\CUSTOMHINGE.OBJ
E:\VISUALSTUDIO\4DCLASS\NEWTONWIN-2.30\SDK\PROJECTS_VS2008\WIN32\DJOINTLIBRARY\DEBUG_MD\CUSTOMJOINTLIBRARYSTDAFX.OBJ
E:\VISUALSTUDIO\4DCLASS\NEWTONWIN-2.30\SDK\PROJECTS_VS2008\WIN32\DJOINTLIBRARY\DEBUG_MD\CUSTOMKINEMATICCONTROLLER.OBJ
E:\VISUALSTUDIO\4DCLASS\NEWTONWIN-2.30\SDK\PROJECTS_VS2008\WIN32\DJOINTLIBRARY\DEBUG_MD\CUSTOMMULTIBODYVEHICLE.OBJ
E:\VISUALSTUDIO\4DCLASS\NEWTONWIN-2.30\SDK\PROJECTS_VS2008\WIN32\DJOINTLIBRARY\DEBUG_MD\CUSTOMPATHFOLLOW.OBJ
E:\VISUALSTUDIO\4DCLASS\NEWTONWIN-2.30\SDK\PROJECTS_VS2008\WIN32\DJOINTLIBRARY\DEBUG_MD\CUSTOMPLAYERCONTROLLER.OBJ
E:\VISUALSTUDIO\4DCLASS\NEWTONWIN-2.30\SDK\PROJECTS_VS2008\WIN32\DJOINTLIBRARY\DEBUG_MD\CUSTOMPULLEY.OBJ
E:\VISUALSTUDIO\4DCLASS\NEWTONWIN-2.30\SDK\PROJECTS_VS2008\WIN32\DJOINTLIBRARY\DEBUG_MD\CUSTOMRAGDOLL.OBJ
E:\VISUALSTUDIO\4DCLASS\NEWTONWIN-2.30\SDK\PROJECTS_VS2008\WIN32\DJOINTLIBRARY\DEBUG_MD\CUSTOMSLIDER.OBJ
E:\VISUALSTUDIO\4DCLASS\NEWTONWIN-2.30\SDK\PROJECTS_VS2008\WIN32\DJOINTLIBRARY\DEBUG_MD\CUSTOMSLIDINGCONTACT.OBJ
E:\VISUALSTUDIO\4DCLASS\NEWTONWIN-2.30\SDK\PROJECTS_VS2008\WIN32\DJOINTLIBRARY\DEBUG_MD\CUSTOMUNIVERSAL.OBJ
E:\VISUALSTUDIO\4DCLASS\NEWTONWIN-2.30\SDK\PROJECTS_VS2008\WIN32\DJOINTLIBRARY\DEBUG_MD\CUSTOMUPVECTOR.OBJ
E:\VISUALSTUDIO\4DCLASS\NEWTONWIN-2.30\SDK\PROJECTS_VS2008\WIN32\DJOINTLIBRARY\DEBUG_MD\CUSTOMUSERBLANK.OBJ
E:\VISUALSTUDIO\4DCLASS\NEWTONWIN-2.30\SDK\PROJECTS_VS2008\WIN32\DJOINTLIBRARY\DEBUG_MD\CUSTOMWORMGEAR.OBJ
E:\VISUALSTUDIO\4DCLASS\NEWTONWIN-2.30\SDK\PROJECTS_VS2008\WIN32\DJOINTLIBRARY\DEBUG_MD\DJOINTLIBRARY.DLL.INTERMEDIATE.MANIFEST
E:\VISUALSTUDIO\4DCLASS\NEWTONWIN-2.30\SDK\PROJECTS_VS2008\WIN32\DJOINTLIBRARY\DEBUG_MD\DJOINTLIBRARY.PCH
E:\VISUALSTUDIO\4DCLASS\NEWTONWIN-2.30\SDK\PROJECTS_VS2008\WIN32\DJOINTLIBRARY\DEBUG_MD\DJOINTLIBRARY.PDB
E:\VisualStudio\4DClass\NewtonWin-2.30\sdk\projects_vs2008\Win32\dJointLibrary\Debug_md\dJointLibrary.write.1.tlog
E:\VISUALSTUDIO\4DCLASS\NEWTONWIN-2.30\SDK\PROJECTS_VS2008\WIN32\DJOINTLIBRARY\DEBUG_MD\DJOINTLIBRARY_D.DLL
E:\VisualStudio\4DClass\NewtonWin-2.30\sdk\projects_vs2008\Win32\dJointLibrary\Debug_md\dJointLibrary_d.exp
E:\VisualStudio\4DClass\NewtonWin-2.30\sdk\projects_vs2008\Win32\dJointLibrary\Debug_md\dJointLibrary_d.lib
E:\VISUALSTUDIO\4DCLASS\NEWTONWIN-2.30\SDK\PROJECTS_VS2008\WIN32\DJOINTLIBRARY\DEBUG_MD\JOINTLIBRARY.OBJ
E:\VisualStudio\4DClass\NewtonWin-2.30\sdk\projects_vs2008\Win32\dJointLibrary\Debug_md\link.command.1.tlog
E:\VisualStudio\4DClass\NewtonWin-2.30\sdk\projects_vs2008\Win32\dJointLibrary\Debug_md\link.read.1.tlog
E:\VisualStudio\4DClass\NewtonWin-2.30\sdk\projects_vs2008\Win32\dJointLibrary\Debug_md\link.write.1.tlog
E:\VisualStudio\4DClass\NewtonWin-2.30\sdk\projects_vs2008\Win32\dJointLibrary\Debug_md\mt.command.1.tlog
E:\VisualStudio\4DClass\NewtonWin-2.30\sdk\projects_vs2008\Win32\dJointLibrary\Debug_md\mt.read.1.tlog
E:\VisualStudio\4DClass\NewtonWin-2.30\sdk\projects_vs2008\Win32\dJointLibrary\Debug_md\mt.write.1.tlog
E:\VISUALSTUDIO\4DCLASS\NEWTONWIN-2.30\SDK\PROJECTS_VS2008\WIN32\DJOINTLIBRARY\DEBUG_MD\NEWTONCUSTOMJOINT.OBJ
E:\VisualStudio\4DClass\NewtonWin-2.30\sdk\projects_vs2008\Win32\dJointLibrary\Debug_md\vc100.idb
E:\VISUALSTUDIO\4DCLASS\NEWTONWIN-2.30\SDK\PROJECTS_VS2008\WIN32\DJOINTLIBRARY\DEBUG_MD\VC100.PDB
Win32/dJointLibrary/Debug_md\dJointLibrary.pdb
