生成启动时间为 2016/1/19 15:48:35。
     1>项目“E:\VisualStudio\4DClass_25\4DWorld\4DWorld.vcxproj”在节点 7 上(Build 个目标)。
     1>ClCompile:
         C:\Program Files (x86)\Microsoft Visual Studio 11.0\VC\bin\CL.exe /c /ZI /nologo /W3 /WX- /Od /Oy- /D _UNICODE /D UNICODE /Gm /EHsc /RTC1 /MDd /GS /fp:precise /Zc:wchar_t /Zc:forScope /Fo"Debug\\" /Fd"Debug\vc110.pdb" /Gd /TP /analyze- /errorReport:prompt BoxAttribute.cpp ControlAttribute.cpp IdentityAttribute.cpp ChildAttribute.cpp PositionAttribute.cpp RelationAttribute.cpp TypeAttribute.cpp WorldObject.cpp
         WorldObject.cpp
         TypeAttribute.cpp
         RelationAttribute.cpp
         PositionAttribute.cpp
         ChildAttribute.cpp
         IdentityAttribute.cpp
         ControlAttribute.cpp
         BoxAttribute.cpp
         正在生成代码...
       Lib:
         C:\Program Files (x86)\Microsoft Visual Studio 11.0\VC\bin\Lib.exe /OUT:"E:\VisualStudio\4DClass_25\Debug\4DWorld.lib" /NOLOGO Debug\BoxAttribute.obj
         Debug\ControlAttribute.obj
         Debug\IdentityAttribute.obj
         Debug\ChildAttribute.obj
         Debug\PositionAttribute.obj
         Debug\RelationAttribute.obj
         Debug\TypeAttribute.obj
         Debug\WorldObject.obj
         4DWorld.vcxproj -> E:\VisualStudio\4DClass_25\Debug\4DWorld.lib
     1>已完成生成项目“E:\VisualStudio\4DClass_25\4DWorld\4DWorld.vcxproj”(Build 个目标)的操作。

生成成功。

已用时间 00:00:00.52
