E:\VISUALSTUDIO\4DCLASS\DEBUG\DXUTCASE.EXE
E:\VISUALSTUDIO\4DCLASS\DEBUG\DXUTCASE.ILK
E:\VISUALSTUDIO\4DCLASS\DEBUG\DXUTCASE.PDB
E:\VisualStudio\4DClass\DXUTCase\Debug\cl.command.1.tlog
E:\VisualStudio\4DClass\DXUTCase\Debug\CL.read.1.tlog
E:\VisualStudio\4DClass\DXUTCase\Debug\CL.write.1.tlog
E:\VISUALSTUDIO\4DCLASS\DXUTCASE\DEBUG\COMPOUNDSCENE.OBJ
E:\VISUALSTUDIO\4DCLASS\DXUTCASE\DEBUG\DXUTAPPLICATION.OBJ
E:\VISUALSTUDIO\4DCLASS\DXUTCASE\DEBUG\DXUTCASE.EXE.INTERMEDIATE.MANIFEST
E:\VISUALSTUDIO\4DCLASS\DXUTCASE\DEBUG\JOINTSCENE.OBJ
E:\VisualStudio\4DClass\DXUTCase\Debug\link.command.1.tlog
E:\VisualStudio\4DClass\DXUTCase\Debug\link.read.1.tlog
E:\VisualStudio\4DClass\DXUTCase\Debug\link.write.1.tlog
E:\VisualStudio\4DClass\DXUTCase\Debug\mt.command.1.tlog
E:\VisualStudio\4DClass\DXUTCase\Debug\mt.read.1.tlog
E:\VisualStudio\4DClass\DXUTCase\Debug\mt.write.1.tlog
E:\VISUALSTUDIO\4DCLASS\DXUTCASE\DEBUG\PRIMITIVESCENE.OBJ
E:\VISUALSTUDIO\4DCLASS\DXUTCASE\DEBUG\RANDOMSCENE.OBJ
E:\VISUALSTUDIO\4DCLASS\DXUTCASE\DEBUG\SPHERE0SCENE.OBJ
E:\VISUALSTUDIO\4DCLASS\DXUTCASE\DEBUG\TEXTHELPER.OBJ
E:\VISUALSTUDIO\4DCLASS\DXUTCASE\DEBUG\TRIANGLE0SCENE.OBJ
E:\VisualStudio\4DClass\DXUTCase\Debug\vc100.idb
E:\VISUALSTUDIO\4DCLASS\DXUTCASE\DEBUG\VC100.PDB
E:\VISUALSTUDIO\4DCLASS\DXUTCASE\DEBUG\WINMAIN.OBJ
