E:\VISUALSTUDIO\4DCLASS\4DCONTAINER\DEBUG\4DCONTAINER.OBJ
E:\VISUALSTUDIO\4DCLASS\4DCONTAINER\DEBUG\4DNODE.OBJ
E:\VisualStudio\4DClass\4DContainer\Debug\cl.command.1.tlog
E:\VisualStudio\4DClass\4DContainer\Debug\CL.read.1.tlog
E:\VisualStudio\4DClass\4DContainer\Debug\CL.write.1.tlog
E:\VISUALSTUDIO\4DCLASS\4DCONTAINER\DEBUG\HASHLISTCONTAINER.OBJ
E:\VISUALSTUDIO\4DCLASS\4DCONTAINER\DEBUG\HASHTREECONTAINER.OBJ
E:\VISUALSTUDIO\4DCLASS\4DCONTAINER\DEBUG\HASHTREENODE.OBJ
E:\VISUALSTUDIO\4DCLASS\4DCONTAINER\DEBUG\KEYLISTNODE.OBJ
E:\VISUALSTUDIO\4DCLASS\4DCONTAINER\DEBUG\KEYLISTNODECONTAINER.OBJ
E:\VisualStudio\4DClass\4DContainer\Debug\lib.command.1.tlog
E:\VisualStudio\4DClass\4DContainer\Debug\Lib-link.read.1.tlog
E:\VisualStudio\4DClass\4DContainer\Debug\Lib-link.write.1.tlog
E:\VISUALSTUDIO\4DCLASS\4DCONTAINER\DEBUG\LISTNODE.OBJ
E:\VISUALSTUDIO\4DCLASS\4DCONTAINER\DEBUG\LISTNODECONTAINER.OBJ
E:\VISUALSTUDIO\4DCLASS\4DCONTAINER\DEBUG\LISTNODEENUMERATION.OBJ
E:\VISUALSTUDIO\4DCLASS\4DCONTAINER\DEBUG\LISTQUEUECONTAINER.OBJ
E:\VISUALSTUDIO\4DCLASS\4DCONTAINER\DEBUG\RECYCLEBIN.OBJ
E:\VisualStudio\4DClass\4DContainer\Debug\vc100.idb
E:\VISUALSTUDIO\4DCLASS\4DCONTAINER\DEBUG\VC100.PDB
E:\VISUALSTUDIO\4DCLASS\DEBUG\4DCONTAINER.LIB
