E:\VisualStudio\4DClass\NewtonWin-2.30\sdk\projects_vs2008\Win32\dScene\Debug_md\cl.command.1.tlog
E:\VisualStudio\4DClass\NewtonWin-2.30\sdk\projects_vs2008\Win32\dScene\Debug_md\CL.read.1.tlog
E:\VisualStudio\4DClass\NewtonWin-2.30\sdk\projects_vs2008\Win32\dScene\Debug_md\CL.write.1.tlog
E:\VISUALSTUDIO\4DCLASS\NEWTONWIN-2.30\SDK\PROJECTS_VS2008\WIN32\DSCENE\DEBUG_MD\DBONENODEINFO.OBJ
E:\VISUALSTUDIO\4DCLASS\NEWTONWIN-2.30\SDK\PROJECTS_VS2008\WIN32\DSCENE\DEBUG_MD\DCAMERANODEINFO.OBJ
E:\VISUALSTUDIO\4DCLASS\NEWTONWIN-2.30\SDK\PROJECTS_VS2008\WIN32\DSCENE\DEBUG_MD\DCOLLISIONBOXNODEINFO.OBJ
E:\VISUALSTUDIO\4DCLASS\NEWTONWIN-2.30\SDK\PROJECTS_VS2008\WIN32\DSCENE\DEBUG_MD\DCOLLISIONCAPSULENODEINFO.OBJ
E:\VISUALSTUDIO\4DCLASS\NEWTONWIN-2.30\SDK\PROJECTS_VS2008\WIN32\DSCENE\DEBUG_MD\DCOLLISIONCHAMFERCYLINDERNODEINFO.OBJ
E:\VISUALSTUDIO\4DCLASS\NEWTONWIN-2.30\SDK\PROJECTS_VS2008\WIN32\DSCENE\DEBUG_MD\DCOLLISIONCOMPOUNDNODEINFO.OBJ
E:\VISUALSTUDIO\4DCLASS\NEWTONWIN-2.30\SDK\PROJECTS_VS2008\WIN32\DSCENE\DEBUG_MD\DCOLLISIONCONENODEINFO.OBJ
E:\VISUALSTUDIO\4DCLASS\NEWTONWIN-2.30\SDK\PROJECTS_VS2008\WIN32\DSCENE\DEBUG_MD\DCOLLISIONCONVEXHULLNODEINFO.OBJ
E:\VISUALSTUDIO\4DCLASS\NEWTONWIN-2.30\SDK\PROJECTS_VS2008\WIN32\DSCENE\DEBUG_MD\DCOLLISIONCYLINDERNODEINFO.OBJ
E:\VISUALSTUDIO\4DCLASS\NEWTONWIN-2.30\SDK\PROJECTS_VS2008\WIN32\DSCENE\DEBUG_MD\DCOLLISIONNODEINFO.OBJ
E:\VISUALSTUDIO\4DCLASS\NEWTONWIN-2.30\SDK\PROJECTS_VS2008\WIN32\DSCENE\DEBUG_MD\DCOLLISIONSPHERENODEINFO.OBJ
E:\VISUALSTUDIO\4DCLASS\NEWTONWIN-2.30\SDK\PROJECTS_VS2008\WIN32\DSCENE\DEBUG_MD\DDRAWUTILS.OBJ
E:\VISUALSTUDIO\4DCLASS\NEWTONWIN-2.30\SDK\PROJECTS_VS2008\WIN32\DSCENE\DEBUG_MD\DEXPORTPLUGIN.OBJ
E:\VISUALSTUDIO\4DCLASS\NEWTONWIN-2.30\SDK\PROJECTS_VS2008\WIN32\DSCENE\DEBUG_MD\DGEOMETRYNODEINFO.OBJ
E:\VISUALSTUDIO\4DCLASS\NEWTONWIN-2.30\SDK\PROJECTS_VS2008\WIN32\DSCENE\DEBUG_MD\DGEOMETRYNODEMODIFIERINFO.OBJ
E:\VISUALSTUDIO\4DCLASS\NEWTONWIN-2.30\SDK\PROJECTS_VS2008\WIN32\DSCENE\DEBUG_MD\DGEOMETRYNODESKINMODIFIERINFO.OBJ
E:\VISUALSTUDIO\4DCLASS\NEWTONWIN-2.30\SDK\PROJECTS_VS2008\WIN32\DSCENE\DEBUG_MD\DIMPORTPLUGIN.OBJ
E:\VISUALSTUDIO\4DCLASS\NEWTONWIN-2.30\SDK\PROJECTS_VS2008\WIN32\DSCENE\DEBUG_MD\DLLMAIN.OBJ
E:\VISUALSTUDIO\4DCLASS\NEWTONWIN-2.30\SDK\PROJECTS_VS2008\WIN32\DSCENE\DEBUG_MD\DMATERIALNODEINFO.OBJ
E:\VISUALSTUDIO\4DCLASS\NEWTONWIN-2.30\SDK\PROJECTS_VS2008\WIN32\DSCENE\DEBUG_MD\DMESHNODEINFO.OBJ
E:\VISUALSTUDIO\4DCLASS\NEWTONWIN-2.30\SDK\PROJECTS_VS2008\WIN32\DSCENE\DEBUG_MD\DNODEINFO.OBJ
E:\VISUALSTUDIO\4DCLASS\NEWTONWIN-2.30\SDK\PROJECTS_VS2008\WIN32\DSCENE\DEBUG_MD\DPLUGINRECORD.OBJ
E:\VISUALSTUDIO\4DCLASS\NEWTONWIN-2.30\SDK\PROJECTS_VS2008\WIN32\DSCENE\DEBUG_MD\DPLUGINSTDAFX.OBJ
E:\VISUALSTUDIO\4DCLASS\NEWTONWIN-2.30\SDK\PROJECTS_VS2008\WIN32\DSCENE\DEBUG_MD\DRIGIDBODYNODEINFO.OBJ
E:\VISUALSTUDIO\4DCLASS\NEWTONWIN-2.30\SDK\PROJECTS_VS2008\WIN32\DSCENE\DEBUG_MD\DROOTNODEINFO.OBJ
E:\VISUALSTUDIO\4DCLASS\NEWTONWIN-2.30\SDK\PROJECTS_VS2008\WIN32\DSCENE\DEBUG_MD\DSCENE.OBJ
E:\VISUALSTUDIO\4DCLASS\NEWTONWIN-2.30\SDK\PROJECTS_VS2008\WIN32\DSCENE\DEBUG_MD\DSCENE.PCH
E:\VISUALSTUDIO\4DCLASS\NEWTONWIN-2.30\SDK\PROJECTS_VS2008\WIN32\DSCENE\DEBUG_MD\DSCENE_D.LIB
E:\VISUALSTUDIO\4DCLASS\NEWTONWIN-2.30\SDK\PROJECTS_VS2008\WIN32\DSCENE\DEBUG_MD\DSCENEGRAPH.OBJ
E:\VISUALSTUDIO\4DCLASS\NEWTONWIN-2.30\SDK\PROJECTS_VS2008\WIN32\DSCENE\DEBUG_MD\DSCENENODEINFO.OBJ
E:\VISUALSTUDIO\4DCLASS\NEWTONWIN-2.30\SDK\PROJECTS_VS2008\WIN32\DSCENE\DEBUG_MD\DTEXTURENODEINFO.OBJ
E:\VISUALSTUDIO\4DCLASS\NEWTONWIN-2.30\SDK\PROJECTS_VS2008\WIN32\DSCENE\DEBUG_MD\DVARIABLE.OBJ
E:\VisualStudio\4DClass\NewtonWin-2.30\sdk\projects_vs2008\Win32\dScene\Debug_md\lib.command.1.tlog
E:\VisualStudio\4DClass\NewtonWin-2.30\sdk\projects_vs2008\Win32\dScene\Debug_md\Lib-link.read.1.tlog
E:\VisualStudio\4DClass\NewtonWin-2.30\sdk\projects_vs2008\Win32\dScene\Debug_md\Lib-link.write.1.tlog
E:\VISUALSTUDIO\4DCLASS\NEWTONWIN-2.30\SDK\PROJECTS_VS2008\WIN32\DSCENE\DEBUG_MD\VC100.PDB
