Build started 2012/2/16 12:51:21.
     1>Project "E:\VisualStudio\4DClass\CLEyeCase\CLEyeCase.vcxproj" on node 2 (build target(s)).
     1>InitializeBuildStatus:
         Creating "Debug\CLEyeCase.unsuccessfulbuild" because "AlwaysCreate" was specified.
       ClCompile:
         c:\Program Files\Microsoft Visual Studio 10.0\VC\bin\CL.exe /c /ZI /nologo /W3 /WX- /Od /Oy- /D _MBCS /Gm /EHsc /RTC1 /MDd /GS /fp:precise /Zc:wchar_t /Zc:forScope /Fo"Debug\\" /Fd"Debug\vc100.pdb" /Gd /TP /analyze- /errorReport:prompt CLEyeMulticamTest.cpp
         CLEyeMulticamTest.cpp
       Link:
         c:\Program Files\Microsoft Visual Studio 10.0\VC\bin\link.exe /ERRORREPORT:PROMPT /OUT:"E:\VisualStudio\4DClass\Debug\CLEyeCase.exe" /NOLOGO opencv_core231d.lib opencv_highgui231d.lib opencv_video231d.lib opencv_ml231d.lib opencv_legacy231d.lib CLEyeMulticam.lib opencv_imgproc231d.lib kernel32.lib user32.lib gdi32.lib winspool.lib comdlg32.lib advapi32.lib shell32.lib ole32.lib oleaut32.lib uuid.lib odbc32.lib odbccp32.lib /MANIFEST /ManifestFile:"Debug\CLEyeCase.exe.intermediate.manifest" /MANIFESTUAC:"level='asInvoker' uiAccess='false'" /DEBUG /PDB:"E:\VisualStudio\4DClass\Debug\CLEyeCase.pdb" /TLBID:1 /DYNAMICBASE /NXCOMPAT /IMPLIB:"E:\VisualStudio\4DClass\Debug\CLEyeCase.lib" /MACHINE:X86 Debug\CLEyeMulticamTest.obj
         Debug\stdafx.obj
         LINK : E:\VisualStudio\4DClass\Debug\CLEyeCase.exe not found or not built by the last incremental link; performing full link
         CLEyeCase.vcxproj -> E:\VisualStudio\4DClass\Debug\CLEyeCase.exe
       Manifest:
         C:\Program Files\Microsoft SDKs\Windows\v7.0A\bin\mt.exe /nologo /verbose /outputresource:"E:\VisualStudio\4DClass\Debug\CLEyeCase.exe;#1" /manifest Debug\CLEyeCase.exe.intermediate.manifest
       FinalizeBuildStatus:
         Deleting file "Debug\CLEyeCase.unsuccessfulbuild".
         Touching "Debug\CLEyeCase.lastbuildstate".
     1>Done Building Project "E:\VisualStudio\4DClass\CLEyeCase\CLEyeCase.vcxproj" (build target(s)).

Build succeeded.

Time Elapsed 00:00:06.84
