E:\VISUALSTUDIO\NEWTONWIN-2.30\TOOLCHAIN\ALCHEMEDIA\PROJECT_VS2008\WIN32\RELEASE\ALCHEMEDIA.PDB
E:\VISUALSTUDIO\NEWTONWIN-2.30\TOOLCHAIN\ALCHEMEDIA\PROJECT_VS2008\WIN32\RELEASE\OBJ\ALCHEMDIASMOOTHMESHANGLEDLG.OBJ
E:\VISUALSTUDIO\NEWTONWIN-2.30\TOOLCHAIN\ALCHEMEDIA\PROJECT_VS2008\WIN32\RELEASE\OBJ\ALCHEMEDIA.EXE.INTERMEDIATE.MANIFEST
E:\VISUALSTUDIO\NEWTONWIN-2.30\TOOLCHAIN\ALCHEMEDIA\PROJECT_VS2008\WIN32\RELEASE\OBJ\ALCHEMEDIA.OBJ
E:\VISUALSTUDIO\NEWTONWIN-2.30\TOOLCHAIN\ALCHEMEDIA\PROJECT_VS2008\WIN32\RELEASE\OBJ\ALCHEMEDIA.PCH
E:\VISUALSTUDIO\NEWTONWIN-2.30\TOOLCHAIN\ALCHEMEDIA\PROJECT_VS2008\WIN32\RELEASE\OBJ\ALCHEMEDIA.RES
E:\VisualStudio\NewtonWin-2.30\toolchain\alchemedia\project_vs2008\Win32\Release\obj\alchemedia.write.1.tlog
E:\VISUALSTUDIO\NEWTONWIN-2.30\TOOLCHAIN\ALCHEMEDIA\PROJECT_VS2008\WIN32\RELEASE\OBJ\ALCHEMEDIACAMERA.OBJ
E:\VISUALSTUDIO\NEWTONWIN-2.30\TOOLCHAIN\ALCHEMEDIA\PROJECT_VS2008\WIN32\RELEASE\OBJ\ALCHEMEDIADOC.OBJ
E:\VISUALSTUDIO\NEWTONWIN-2.30\TOOLCHAIN\ALCHEMEDIA\PROJECT_VS2008\WIN32\RELEASE\OBJ\ALCHEMEDIAEXPLORERVIEW.OBJ
E:\VISUALSTUDIO\NEWTONWIN-2.30\TOOLCHAIN\ALCHEMEDIA\PROJECT_VS2008\WIN32\RELEASE\OBJ\ALCHEMEDIAMAINFRM.OBJ
E:\VISUALSTUDIO\NEWTONWIN-2.30\TOOLCHAIN\ALCHEMEDIA\PROJECT_VS2008\WIN32\RELEASE\OBJ\ALCHEMEDIASCENE.OBJ
E:\VISUALSTUDIO\NEWTONWIN-2.30\TOOLCHAIN\ALCHEMEDIA\PROJECT_VS2008\WIN32\RELEASE\OBJ\ALCHEMEDIASCENENODE.OBJ
E:\VISUALSTUDIO\NEWTONWIN-2.30\TOOLCHAIN\ALCHEMEDIA\PROJECT_VS2008\WIN32\RELEASE\OBJ\ALCHEMEDIASPLITTERVIEWPORTS.OBJ
E:\VISUALSTUDIO\NEWTONWIN-2.30\TOOLCHAIN\ALCHEMEDIA\PROJECT_VS2008\WIN32\RELEASE\OBJ\ALCHEMEDIASTATICMESH.OBJ
E:\VISUALSTUDIO\NEWTONWIN-2.30\TOOLCHAIN\ALCHEMEDIA\PROJECT_VS2008\WIN32\RELEASE\OBJ\ALCHEMEDIASTDAFX.OBJ
E:\VISUALSTUDIO\NEWTONWIN-2.30\TOOLCHAIN\ALCHEMEDIA\PROJECT_VS2008\WIN32\RELEASE\OBJ\ALCHEMEDIATEXCACHE.OBJ
E:\VISUALSTUDIO\NEWTONWIN-2.30\TOOLCHAIN\ALCHEMEDIA\PROJECT_VS2008\WIN32\RELEASE\OBJ\ALCHEMEDIAVIEW.OBJ
E:\VISUALSTUDIO\NEWTONWIN-2.30\TOOLCHAIN\ALCHEMEDIA\PROJECT_VS2008\WIN32\RELEASE\OBJ\ALCHEMEDIAVIEWERTOOLBAR.OBJ
E:\VisualStudio\NewtonWin-2.30\toolchain\alchemedia\project_vs2008\Win32\Release\obj\cl.command.1.tlog
E:\VisualStudio\NewtonWin-2.30\toolchain\alchemedia\project_vs2008\Win32\Release\obj\CL.read.1.tlog
E:\VisualStudio\NewtonWin-2.30\toolchain\alchemedia\project_vs2008\Win32\Release\obj\CL.write.1.tlog
E:\VISUALSTUDIO\NEWTONWIN-2.30\TOOLCHAIN\ALCHEMEDIA\PROJECT_VS2008\WIN32\RELEASE\OBJ\CLASSVIEW.OBJ
E:\VisualStudio\NewtonWin-2.30\toolchain\alchemedia\project_vs2008\Win32\Release\obj\link.command.1.tlog
E:\VisualStudio\NewtonWin-2.30\toolchain\alchemedia\project_vs2008\Win32\Release\obj\link.read.1.tlog
E:\VisualStudio\NewtonWin-2.30\toolchain\alchemedia\project_vs2008\Win32\Release\obj\link.write.1.tlog
E:\VisualStudio\NewtonWin-2.30\toolchain\alchemedia\project_vs2008\Win32\Release\obj\link-cvtres.read.1.tlog
E:\VisualStudio\NewtonWin-2.30\toolchain\alchemedia\project_vs2008\Win32\Release\obj\link-cvtres.write.1.tlog
E:\VisualStudio\NewtonWin-2.30\toolchain\alchemedia\project_vs2008\Win32\Release\obj\mt.command.1.tlog
E:\VisualStudio\NewtonWin-2.30\toolchain\alchemedia\project_vs2008\Win32\Release\obj\mt.read.1.tlog
E:\VisualStudio\NewtonWin-2.30\toolchain\alchemedia\project_vs2008\Win32\Release\obj\mt.write.1.tlog
E:\VISUALSTUDIO\NEWTONWIN-2.30\TOOLCHAIN\ALCHEMEDIA\PROJECT_VS2008\WIN32\RELEASE\OBJ\OUTPUTWND.OBJ
E:\VISUALSTUDIO\NEWTONWIN-2.30\TOOLCHAIN\ALCHEMEDIA\PROJECT_VS2008\WIN32\RELEASE\OBJ\PROPERTIESWND.OBJ
E:\VisualStudio\NewtonWin-2.30\toolchain\alchemedia\project_vs2008\Win32\Release\obj\rc.command.1.tlog
E:\VisualStudio\NewtonWin-2.30\toolchain\alchemedia\project_vs2008\Win32\Release\obj\rc.read.1.tlog
E:\VisualStudio\NewtonWin-2.30\toolchain\alchemedia\project_vs2008\Win32\Release\obj\rc.write.1.tlog
E:\VISUALSTUDIO\NEWTONWIN-2.30\TOOLCHAIN\ALCHEMEDIA\PROJECT_VS2008\WIN32\RELEASE\OBJ\VC100.PDB
E:\VISUALSTUDIO\NEWTONWIN-2.30\TOOLCHAIN\ALCHEMEDIA\PROJECT_VS2008\WIN32\RELEASE\OBJ\VIEWTREE.OBJ
E:\VISUALSTUDIO\NEWTONWIN-2.30\TOOLCHAIN\ALCHEMEDIA\WIN32\ALCHEMEDIA.EXE
Win32\Release\alchemedia.pdb
