E:\VISUALSTUDIO\4DCLASS\4DRENDERABLE\DEBUG\CAPSULEATTRIBUTE.OBJ
E:\VISUALSTUDIO\4DCLASS\4DRENDERABLE\DEBUG\CHAMFERCYLINDERATTRIBUTE.OBJ
E:\VISUALSTUDIO\4DCLASS\4DRENDERABLE\DEBUG\CIRCLEATTRIBUTE.OBJ
E:\VisualStudio\4DClass\4DRenderable\Debug\cl.command.1.tlog
E:\VisualStudio\4DClass\4DRenderable\Debug\CL.read.1.tlog
E:\VisualStudio\4DClass\4DRenderable\Debug\CL.write.1.tlog
E:\VISUALSTUDIO\4DCLASS\4DRENDERABLE\DEBUG\CONEATTRIBUTE.OBJ
E:\VISUALSTUDIO\4DCLASS\4DRENDERABLE\DEBUG\CUBOIDATTRIBUTE.OBJ
E:\VISUALSTUDIO\4DCLASS\4DRENDERABLE\DEBUG\CYLINDERATTRIBUTE.OBJ
E:\VISUALSTUDIO\4DCLASS\4DRENDERABLE\DEBUG\FRUSTUMATTRIBUTE.OBJ
E:\VISUALSTUDIO\4DCLASS\4DRENDERABLE\DEBUG\HEMISPHEREATTRIBUTE.OBJ
E:\VISUALSTUDIO\4DCLASS\4DRENDERABLE\DEBUG\INDEXATTRIBUTE.OBJ
E:\VisualStudio\4DClass\4DRenderable\Debug\lib.command.1.tlog
E:\VisualStudio\4DClass\4DRenderable\Debug\Lib-link.read.1.tlog
E:\VisualStudio\4DClass\4DRenderable\Debug\Lib-link.write.1.tlog
E:\VISUALSTUDIO\4DCLASS\4DRENDERABLE\DEBUG\NORMALATTRIBUTE.OBJ
E:\VISUALSTUDIO\4DCLASS\4DRENDERABLE\DEBUG\POLYGONATTRIBUTE.OBJ
E:\VISUALSTUDIO\4DCLASS\4DRENDERABLE\DEBUG\PRIMITIVEATTRIBUTE.OBJ
E:\VISUALSTUDIO\4DCLASS\4DRENDERABLE\DEBUG\QUADRANGLEATTRIBUTE.OBJ
E:\VISUALSTUDIO\4DCLASS\4DRENDERABLE\DEBUG\REFERENCEATTRIBUTE.OBJ
E:\VISUALSTUDIO\4DCLASS\4DRENDERABLE\DEBUG\RENDERABLEATTRIBUTE.OBJ
E:\VISUALSTUDIO\4DCLASS\4DRENDERABLE\DEBUG\SLICEATTRIBUTE.OBJ
E:\VISUALSTUDIO\4DCLASS\4DRENDERABLE\DEBUG\SPHEREATTRIBUTE.OBJ
E:\VISUALSTUDIO\4DCLASS\4DRENDERABLE\DEBUG\TEXTUREATTRIBUTE.OBJ
E:\VISUALSTUDIO\4DCLASS\4DRENDERABLE\DEBUG\TRIANGLEATTRIBUTE.OBJ
E:\VisualStudio\4DClass\4DRenderable\Debug\vc100.idb
E:\VISUALSTUDIO\4DCLASS\4DRENDERABLE\DEBUG\VC100.PDB
E:\VISUALSTUDIO\4DCLASS\4DRENDERABLE\DEBUG\VERTEXATTRIBUTE.OBJ
E:\VISUALSTUDIO\4DCLASS\DEBUG\4DRENDERABLE.LIB
