Build started 2011/7/24 20:03:58.
     1>Project "E:\VisualStudio\NewtonWin-2.30\toolchain\msPlugin\Importer\msImporter_vs0008.vcxproj" on node 2 (build target(s)).
     1>InitializeBuildStatus:
         Creating ".\Release\msImporter.unsuccessfulbuild" because "AlwaysCreate" was specified.
       ClCompile:
         C:\Program Files\Microsoft Visual Studio 10.0\VC\bin\CL.exe /c /I../ms3dsdk184/msLib /I../../../sdk /I../../../sdk/dMath /I../../../sdk/dScene /I../../../sdk/dContainers /I../../../sdk/thirdParty/tinyxml /Zi /nologo /W3 /WX- /O2 /Ob1 /Oy- /D WIN32 /D NDEBUG /D _WINDOWS /D _MBCS /D _USRDLL /D MSPLUGIN_EXPORTS /GF /Gm- /EHsc /MT /GS /Gy /fp:precise /Zc:wchar_t /Zc:forScope /Yc"stdafx.h" /Fp".\Release/msPlugIn.pch" /Fo".\Release/" /Fd".\Release/vc100.pdb" /Gd /TP /analyze- /errorReport:prompt StdAfx.cpp
         StdAfx.cpp
         C:\Program Files\Microsoft Visual Studio 10.0\VC\bin\CL.exe /c /I../ms3dsdk184/msLib /I../../../sdk /I../../../sdk/dMath /I../../../sdk/dScene /I../../../sdk/dContainers /I../../../sdk/thirdParty/tinyxml /Zi /nologo /W3 /WX- /O2 /Ob1 /Oy- /D WIN32 /D NDEBUG /D _WINDOWS /D _USRDLL /D MSPLUGIN_EXPORTS /D _NEWTON_USE_LIB /D _VC80_UPGRADE=0x0710 /D _WINDLL /D _MBCS /GF /Gm- /EHsc /MT /GS /Gy /fp:precise /Zc:wchar_t /Zc:forScope /Yu"stdafx.h" /Fp".\Release/msPlugIn.pch" /Fo".\Release/" /Fd".\Release/vc100.pdb" /Gd /TP /analyze- /errorReport:prompt Importer.cpp
         Importer.cpp
         C:\Program Files\Microsoft Visual Studio 10.0\VC\bin\CL.exe /c /I../ms3dsdk184/msLib /I../../../sdk /I../../../sdk/dMath /I../../../sdk/dScene /I../../../sdk/dContainers /I../../../sdk/thirdParty/tinyxml /Zi /nologo /W3 /WX- /O2 /Ob1 /Oy- /D WIN32 /D NDEBUG /D _WINDOWS /D _MBCS /D _USRDLL /D MSPLUGIN_EXPORTS /GF /Gm- /EHsc /MT /GS /Gy /fp:precise /Zc:wchar_t /Zc:forScope /Yu"stdafx.h" /Fp".\Release/msPlugIn.pch" /Fo".\Release/" /Fd".\Release/vc100.pdb" /Gd /TP /analyze- /errorReport:prompt msPlugInImpl.cpp
         msPlugInImpl.cpp
     1>C:\Program Files\MSBuild\Microsoft.Cpp\v4.0\Microsoft.CppBuild.targets(990,5): warning MSB8012: TargetPath(E:\VisualStudio\NewtonWin-2.30\toolchain\msPlugin\Importer\.\Release\msImporter.dll) does not match the Linker's OutputFile property value (E:\VisualStudio\NewtonWin-2.30\toolchain\msPlugin\msNewtonImport.dll). This may cause your project to build incorrectly. To correct this, please make sure that $(OutDir), $(TargetName) and $(TargetExt) property values match the value specified in %(Link.OutputFile).
     1>C:\Program Files\MSBuild\Microsoft.Cpp\v4.0\Microsoft.CppBuild.targets(992,5): warning MSB8012: TargetName(msImporter) does not match the Linker's OutputFile property value (msNewtonImport). This may cause your project to build incorrectly. To correct this, please make sure that $(OutDir), $(TargetName) and $(TargetExt) property values match the value specified in %(Link.OutputFile).
       Link:
         C:\Program Files\Microsoft Visual Studio 10.0\VC\bin\link.exe /ERRORREPORT:PROMPT /OUT:"../msNewtonImport.dll" /INCREMENTAL:NO /NOLOGO /LIBPATH:../ms3dsdk184/msLib/lib /LIBPATH:../../../sdk\x32\lib_vs9_mt msModelLib.lib newton.lib kernel32.lib user32.lib gdi32.lib winspool.lib comdlg32.lib advapi32.lib shell32.lib ole32.lib oleaut32.lib uuid.lib odbc32.lib odbccp32.lib /DEF:".\msPlugIn.def" /MANIFEST /ManifestFile:".\Release\msImporter.dll.intermediate.manifest" /MANIFESTUAC:"level='asInvoker' uiAccess='false'" /PDB:".\Release/msRawImporter.pdb" /TLBID:1 /DYNAMICBASE:NO /IMPLIB:".\Release/msRawImporter.lib" /MACHINE:X86 /DLL .\Release/Importer.obj
         .\Release/msPlugInImpl.obj
         .\Release/StdAfx.obj
         "E:\VisualStudio\NewtonWin-2.30\toolchain\msPlugin\Importer\Release\msRawImporter.lib"
     1>LINK : fatal error LNK1181: cannot open input file 'E:\VisualStudio\NewtonWin-2.30\toolchain\msPlugin\Importer\Release\msRawImporter.lib'
     1>Done Building Project "E:\VisualStudio\NewtonWin-2.30\toolchain\msPlugin\Importer\msImporter_vs0008.vcxproj" (build target(s)) -- FAILED.

Build FAILED.

Time Elapsed 00:00:03.16
