Build started 2012/1/17 11:32:18.
     1>Project "E:\VisualStudio\4DClass\ObjectCase\ObjectCase.vcxproj" on node 2 (build target(s)).
     1>InitializeBuildStatus:
         Creating "Debug\ObjectCase.unsuccessfulbuild" because "AlwaysCreate" was specified.
       ClCompile:
         c:\Program Files\Microsoft Visual Studio 10.0\VC\bin\CL.exe /c /ZI /nologo /W3 /WX- /Od /Oy- /D _UNICODE /D UNICODE /Gm /EHsc /RTC1 /MDd /GS /fp:precise /Zc:wchar_t /Zc:forScope /Fo"Debug\\" /Fd"Debug\vc100.pdb" /Gd /TP /analyze- /errorReport:prompt Main.cpp
         Main.cpp
       Link:
         c:\Program Files\Microsoft Visual Studio 10.0\VC\bin\link.exe /ERRORREPORT:PROMPT /OUT:"E:\VisualStudio\4DClass\Debug\ObjectCase.exe" /NOLOGO comctl32.lib winmm.lib dxerr.lib dxguid.lib d3d9.lib d3dx9.lib d3d10.lib d3dx10.lib Dsound.lib Version.lib DXUT.lib DXUTOpt.lib 4DMisc.lib newton.lib dMath_d.lib dJointLibrary_d.lib 4DMath.lib 4DBasic.lib 4DString.lib 4DGeometry.lib 4DContainer.lib 4DCollision.lib 4DWorld.lib 4DPhysics.lib 4DNewton.lib 4DRenderable.lib D3DXResource.lib D3DXRenderable.lib D3DXPhysics.lib D3DXApplication.lib 4DJoint.lib kernel32.lib user32.lib gdi32.lib winspool.lib comdlg32.lib advapi32.lib shell32.lib ole32.lib oleaut32.lib uuid.lib odbc32.lib odbccp32.lib /MANIFEST /ManifestFile:"Debug\ObjectCase.exe.intermediate.manifest" /MANIFESTUAC:"level='asInvoker' uiAccess='false'" /DEBUG /PDB:"E:\VisualStudio\4DClass\Debug\ObjectCase.pdb" /TLBID:1 /DYNAMICBASE /NXCOMPAT /IMPLIB:"E:\VisualStudio\4DClass\Debug\ObjectCase.lib" /MACHINE:X86 Debug\Main.obj
         LINK : E:\VisualStudio\4DClass\Debug\ObjectCase.exe not found or not built by the last incremental link; performing full link
     1>LINK : warning LNK4098: defaultlib 'LIBCMTD' conflicts with use of other libs; use /NODEFAULTLIB:library
         ObjectCase.vcxproj -> E:\VisualStudio\4DClass\Debug\ObjectCase.exe
       Manifest:
         C:\Program Files\Microsoft SDKs\Windows\v7.0A\bin\mt.exe /nologo /verbose /outputresource:"E:\VisualStudio\4DClass\Debug\ObjectCase.exe;#1" /manifest Debug\ObjectCase.exe.intermediate.manifest
       FinalizeBuildStatus:
         Deleting file "Debug\ObjectCase.unsuccessfulbuild".
         Touching "Debug\ObjectCase.lastbuildstate".
     1>Done Building Project "E:\VisualStudio\4DClass\ObjectCase\ObjectCase.vcxproj" (build target(s)).

Build succeeded.

Time Elapsed 00:00:08.98
