E:\VISUALSTUDIO\4DCLASS\4DNEWTON\DEBUG\BODYMANAGER.OBJ
E:\VISUALSTUDIO\4DCLASS\4DNEWTON\DEBUG\BOXENTITY.OBJ
E:\VISUALSTUDIO\4DCLASS\4DNEWTON\DEBUG\CAPSULEENTITY.OBJ
E:\VISUALSTUDIO\4DCLASS\4DNEWTON\DEBUG\CHAMFERCYLINDERENTITY.OBJ
E:\VisualStudio\4DClass\4DNewton\Debug\cl.command.1.tlog
E:\VisualStudio\4DClass\4DNewton\Debug\CL.read.1.tlog
E:\VisualStudio\4DClass\4DNewton\Debug\CL.write.1.tlog
E:\VISUALSTUDIO\4DCLASS\4DNEWTON\DEBUG\CLASSICBALLJOINT.OBJ
E:\VISUALSTUDIO\4DCLASS\4DNEWTON\DEBUG\CLASSICCORKSCREWJOINT.OBJ
E:\VISUALSTUDIO\4DCLASS\4DNEWTON\DEBUG\CLASSICHINGEJOINT.OBJ
E:\VISUALSTUDIO\4DCLASS\4DNEWTON\DEBUG\CLASSICSLIDERJOINT.OBJ
E:\VISUALSTUDIO\4DCLASS\4DNEWTON\DEBUG\CLASSICUNIVERSALJOINT.OBJ
E:\VISUALSTUDIO\4DCLASS\4DNEWTON\DEBUG\CLASSICUPVECTORJOINT.OBJ
E:\VISUALSTUDIO\4DCLASS\4DNEWTON\DEBUG\COMPOUNDENTITY.OBJ
E:\VISUALSTUDIO\4DCLASS\4DNEWTON\DEBUG\CONEENTITY.OBJ
E:\VISUALSTUDIO\4DCLASS\4DNEWTON\DEBUG\CONVEXENTITY.OBJ
E:\VISUALSTUDIO\4DCLASS\4DNEWTON\DEBUG\CUSTOM6DOFJOINT.OBJ
E:\VISUALSTUDIO\4DCLASS\4DNEWTON\DEBUG\CUSTOMBALLJOINT.OBJ
E:\VISUALSTUDIO\4DCLASS\4DNEWTON\DEBUG\CUSTOMHINGEJOINT.OBJ
E:\VISUALSTUDIO\4DCLASS\4DNEWTON\DEBUG\CUSTOMSLIDERJOINT.OBJ
E:\VISUALSTUDIO\4DCLASS\4DNEWTON\DEBUG\CYLINDERENTITY.OBJ
E:\VISUALSTUDIO\4DCLASS\4DNEWTON\DEBUG\ENTITYMANAGER.OBJ
E:\VISUALSTUDIO\4DCLASS\4DNEWTON\DEBUG\INTERACTIONMANAGER.OBJ
E:\VISUALSTUDIO\4DCLASS\4DNEWTON\DEBUG\JOINTMANAGER.OBJ
E:\VisualStudio\4DClass\4DNewton\Debug\lib.command.1.tlog
E:\VisualStudio\4DClass\4DNewton\Debug\Lib-link.read.1.tlog
E:\VisualStudio\4DClass\4DNewton\Debug\Lib-link.write.1.tlog
E:\VISUALSTUDIO\4DCLASS\4DNEWTON\DEBUG\PHYSICSCLASSICJOINT.OBJ
E:\VISUALSTUDIO\4DCLASS\4DNEWTON\DEBUG\PHYSICSCUSTOMJOINT.OBJ
E:\VISUALSTUDIO\4DCLASS\4DNEWTON\DEBUG\PHYSICSENTITY.OBJ
E:\VISUALSTUDIO\4DCLASS\4DNEWTON\DEBUG\PHYSICSJOINT.OBJ
E:\VISUALSTUDIO\4DCLASS\4DNEWTON\DEBUG\PHYSICSMANAGER.OBJ
E:\VISUALSTUDIO\4DCLASS\4DNEWTON\DEBUG\PHYSICSTIME.OBJ
E:\VISUALSTUDIO\4DCLASS\4DNEWTON\DEBUG\PHYSICSWORLD.OBJ
E:\VISUALSTUDIO\4DCLASS\4DNEWTON\DEBUG\SHAPEMANAGER.OBJ
E:\VISUALSTUDIO\4DCLASS\4DNEWTON\DEBUG\SIMULATIONMANAGER.OBJ
E:\VISUALSTUDIO\4DCLASS\4DNEWTON\DEBUG\SPHEREENTITY.OBJ
E:\VisualStudio\4DClass\4DNewton\Debug\vc100.idb
E:\VISUALSTUDIO\4DCLASS\4DNEWTON\DEBUG\VC100.PDB
E:\VISUALSTUDIO\4DCLASS\DEBUG\4DNEWTON.LIB
