E:\VISUALSTUDIO\4DCLASS\D3DXRESOURCE\DEBUG\AXIS0.OBJ
E:\VisualStudio\4DClass\D3DXResource\Debug\cl.command.1.tlog
E:\VisualStudio\4DClass\D3DXResource\Debug\CL.read.1.tlog
E:\VisualStudio\4DClass\D3DXResource\Debug\CL.write.1.tlog
E:\VISUALSTUDIO\4DCLASS\D3DXRESOURCE\DEBUG\CONTROLBALL.OBJ
E:\VISUALSTUDIO\4DCLASS\D3DXRESOURCE\DEBUG\D3DXDEVICE.OBJ
E:\VISUALSTUDIO\4DCLASS\D3DXRESOURCE\DEBUG\D3DXDEVICEREFERENCE.OBJ
E:\VISUALSTUDIO\4DCLASS\D3DXRESOURCE\DEBUG\D3DXDEVICETEXTURE.OBJ
E:\VISUALSTUDIO\4DCLASS\D3DXRESOURCE\DEBUG\D3DXDYNAMICTEXTURE.OBJ
E:\VISUALSTUDIO\4DCLASS\D3DXRESOURCE\DEBUG\D3DXEFFECT.OBJ
E:\VISUALSTUDIO\4DCLASS\D3DXRESOURCE\DEBUG\D3DXEFFECTATTRIBUTE.OBJ
E:\VISUALSTUDIO\4DCLASS\D3DXRESOURCE\DEBUG\D3DXEVENT.OBJ
E:\VISUALSTUDIO\4DCLASS\D3DXRESOURCE\DEBUG\D3DXFILEMESH.OBJ
E:\VISUALSTUDIO\4DCLASS\D3DXRESOURCE\DEBUG\D3DXFILTER.OBJ
E:\VISUALSTUDIO\4DCLASS\D3DXRESOURCE\DEBUG\D3DXINDEXATTRIBUTE.OBJ
E:\VISUALSTUDIO\4DCLASS\D3DXRESOURCE\DEBUG\D3DXLINESTRIP.OBJ
E:\VISUALSTUDIO\4DCLASS\D3DXRESOURCE\DEBUG\D3DXOBJECT.OBJ
E:\VISUALSTUDIO\4DCLASS\D3DXRESOURCE\DEBUG\D3DXPICKATTRIBUTE.OBJ
E:\VISUALSTUDIO\4DCLASS\D3DXRESOURCE\DEBUG\D3DXPRIMITIVE.OBJ
E:\VISUALSTUDIO\4DCLASS\D3DXRESOURCE\DEBUG\D3DXRENDERABLE.OBJ
E:\VISUALSTUDIO\4DCLASS\D3DXRESOURCE\DEBUG\D3DXRESOURCE.OBJ
E:\VISUALSTUDIO\4DCLASS\D3DXRESOURCE\DEBUG\D3DXRESOURCEGROUP.OBJ
E:\VISUALSTUDIO\4DCLASS\D3DXRESOURCE\DEBUG\D3DXSTATICTEXTURE.OBJ
E:\VISUALSTUDIO\4DCLASS\D3DXRESOURCE\DEBUG\D3DXTEXTURE.OBJ
E:\VISUALSTUDIO\4DCLASS\D3DXRESOURCE\DEBUG\D3DXVERTEXATTRIBUTE.OBJ
E:\VISUALSTUDIO\4DCLASS\D3DXRESOURCE\DEBUG\DEVICEMANAGER.OBJ
E:\VISUALSTUDIO\4DCLASS\D3DXRESOURCE\DEBUG\EFFECTMANAGER.OBJ
E:\VISUALSTUDIO\4DCLASS\D3DXRESOURCE\DEBUG\FILTERMANAGER.OBJ
E:\VISUALSTUDIO\4DCLASS\D3DXRESOURCE\DEBUG\IMAGEDEVICE.OBJ
E:\VISUALSTUDIO\4DCLASS\D3DXRESOURCE\DEBUG\IMAGEFILTER.OBJ
E:\VisualStudio\4DClass\D3DXResource\Debug\lib.command.1.tlog
E:\VisualStudio\4DClass\D3DXResource\Debug\Lib-link.read.1.tlog
E:\VisualStudio\4DClass\D3DXResource\Debug\Lib-link.write.1.tlog
E:\VISUALSTUDIO\4DCLASS\D3DXRESOURCE\DEBUG\LINESTRIPMANAGER.OBJ
E:\VISUALSTUDIO\4DCLASS\D3DXRESOURCE\DEBUG\MESHMANAGER.OBJ
E:\VISUALSTUDIO\4DCLASS\D3DXRESOURCE\DEBUG\MODELVIEWPORT.OBJ
E:\VISUALSTUDIO\4DCLASS\D3DXRESOURCE\DEBUG\PERSONALVIEWPORT.OBJ
E:\VISUALSTUDIO\4DCLASS\D3DXRESOURCE\DEBUG\PICKINTERSECTION.OBJ
E:\VISUALSTUDIO\4DCLASS\D3DXRESOURCE\DEBUG\PICKRAY.OBJ
E:\VISUALSTUDIO\4DCLASS\D3DXRESOURCE\DEBUG\PICKRESULT.OBJ
E:\VISUALSTUDIO\4DCLASS\D3DXRESOURCE\DEBUG\PRIMITIVEMANAGER.OBJ
E:\VISUALSTUDIO\4DCLASS\D3DXRESOURCE\DEBUG\RENDERABLEMANAGER.OBJ
E:\VISUALSTUDIO\4DCLASS\D3DXRESOURCE\DEBUG\RESOURCEAPPLICATION.OBJ
E:\VISUALSTUDIO\4DCLASS\D3DXRESOURCE\DEBUG\RESOURCEMANAGER.OBJ
E:\VISUALSTUDIO\4DCLASS\D3DXRESOURCE\DEBUG\TEXTUREMANAGER.OBJ
E:\VisualStudio\4DClass\D3DXResource\Debug\vc100.idb
E:\VISUALSTUDIO\4DCLASS\D3DXRESOURCE\DEBUG\VC100.PDB
E:\VISUALSTUDIO\4DCLASS\D3DXRESOURCE\DEBUG\VIEWPORT.OBJ
E:\VISUALSTUDIO\4DCLASS\D3DXRESOURCE\DEBUG\VIEWPORTAPPLICATION.OBJ
E:\VISUALSTUDIO\4DCLASS\DEBUG\D3DXRESOURCE.LIB
