Build started 2012/1/17 11:31:38.
     1>Project "E:\VisualStudio\4DClass\JointCase\JointCase.vcxproj" on node 3 (build target(s)).
     1>InitializeBuildStatus:
         Creating "Debug\JointCase.unsuccessfulbuild" because "AlwaysCreate" was specified.
       ClCompile:
         c:\Program Files\Microsoft Visual Studio 10.0\VC\bin\CL.exe /c /ZI /nologo /W3 /WX- /Od /Oy- /D _UNICODE /D UNICODE /Gm /EHsc /RTC1 /MDd /GS /fp:precise /Zc:wchar_t /Zc:forScope /Fo"Debug\\" /Fd"Debug\vc100.pdb" /Gd /TP /analyze- /errorReport:prompt DXUTApplication.cpp JointScene.cpp TextHelper.cpp WinMain.cpp
         DXUTApplication.cpp
         Generating Code...
         Skipping... (no relevant changes detected)
         WinMain.cpp
         TextHelper.cpp
         JointScene.cpp
       Link:
         c:\Program Files\Microsoft Visual Studio 10.0\VC\bin\link.exe /ERRORREPORT:PROMPT /OUT:"E:\VisualStudio\4DClass\Debug\JointCase.exe" /NOLOGO comctl32.lib dxerr.lib dxguid.lib d3d9.lib d3dx9.lib d3d10.lib d3dx10.lib winmm.lib Dsound.lib Version.lib DXUT.lib DXUTOpt.lib newton.lib dMath_d.lib dJointLibrary_d.lib 4DMisc.lib 4DMath.lib 4DBasic.lib 4DString.lib 4DPhysics.lib 4DNewton.lib 4DCollision.lib 4DContainer.lib 4DGeometry.lib D3DXRenderable.lib D3DXApplication.lib D3DXPhysics.lib D3DXResource.lib 4DWorld.lib 4DRenderable.lib 4DJoint.lib kernel32.lib user32.lib gdi32.lib winspool.lib comdlg32.lib advapi32.lib shell32.lib ole32.lib oleaut32.lib uuid.lib odbc32.lib odbccp32.lib /MANIFEST /ManifestFile:"Debug\JointCase.exe.intermediate.manifest" /MANIFESTUAC:"level='asInvoker' uiAccess='false'" /DEBUG /PDB:"E:\VisualStudio\4DClass\Debug\JointCase.pdb" /TLBID:1 /DYNAMICBASE /NXCOMPAT /IMPLIB:"E:\VisualStudio\4DClass\Debug\JointCase.lib" /MACHINE:X86 Debug\DXUTApplication.obj
         Debug\JointScene.obj
         Debug\TextHelper.obj
         Debug\WinMain.obj
         LINK : E:\VisualStudio\4DClass\Debug\JointCase.exe not found or not built by the last incremental link; performing full link
     1>MSVCRTD.lib(cinitexe.obj) : warning LNK4098: defaultlib 'libcmtd.lib' conflicts with use of other libs; use /NODEFAULTLIB:library
         JointCase.vcxproj -> E:\VisualStudio\4DClass\Debug\JointCase.exe
       Manifest:
         C:\Program Files\Microsoft SDKs\Windows\v7.0A\bin\mt.exe /nologo /verbose /outputresource:"E:\VisualStudio\4DClass\Debug\JointCase.exe;#1" /manifest Debug\JointCase.exe.intermediate.manifest
       FinalizeBuildStatus:
         Deleting file "Debug\JointCase.unsuccessfulbuild".
         Touching "Debug\JointCase.lastbuildstate".
     1>Done Building Project "E:\VisualStudio\4DClass\JointCase\JointCase.vcxproj" (build target(s)).

Build succeeded.

Time Elapsed 00:00:39.01
